SF:C:\src\win32\lib\src\advapi32.dart
DA:20,6
DA:35,1
DA:36,1
DA:40,1
DA:52,1
DA:53,1
DA:55,1
DA:72,1
DA:74,1
DA:79,1
DA:94,1
DA:95,1
DA:98,1
DA:110,0
DA:111,0
DA:114,0
DA:126,0
DA:127,0
DA:130,0
DA:142,0
DA:143,0
DA:147,0
DA:164,0
DA:170,0
DA:183,0
DA:200,0
DA:202,0
DA:211,0
DA:226,0
DA:228,0
DA:233,0
DA:248,0
DA:250,0
DA:255,0
DA:266,1
DA:267,1
DA:269,1
DA:283,0
DA:285,0
DA:290,0
DA:304,0
DA:305,0
DA:309,0
DA:322,0
DA:323,0
DA:328,0
DA:348,0
DA:358,0
DA:379,0
DA:401,0
DA:413,0
DA:438,0
DA:461,0
DA:462,0
DA:465,0
DA:479,0
DA:481,0
DA:486,0
DA:503,0
DA:505,0
DA:515,0
DA:528,0
DA:530,0
DA:535,0
DA:546,0
DA:547,0
DA:550,0
DA:562,0
DA:563,0
DA:566,0
DA:577,0
DA:579,0
DA:581,0
DA:591,0
DA:593,0
DA:595,0
DA:606,0
DA:607,0
DA:610,0
DA:621,0
DA:622,0
DA:625,0
DA:639,0
DA:640,0
DA:645,0
DA:663,0
DA:672,0
DA:691,0
DA:711,0
DA:720,0
DA:739,0
DA:751,0
DA:752,0
DA:754,0
DA:770,0
DA:778,0
DA:795,0
DA:810,0
DA:812,0
DA:817,0
DA:830,0
DA:831,0
DA:836,0
DA:852,0
DA:860,0
DA:877,0
DA:893,0
DA:895,0
DA:900,0
DA:913,0
DA:914,0
DA:918,0
DA:930,0
DA:931,0
DA:936,0
DA:952,1
DA:954,1
DA:959,1
DA:976,0
DA:984,0
DA:1001,0
DA:1016,0
DA:1018,0
DA:1023,0
DA:1034,0
DA:1035,0
DA:1038,0
DA:1059,0
DA:1072,0
DA:1099,0
DA:1126,0
DA:1128,0
DA:1137,0
DA:1150,0
DA:1151,0
DA:1155,0
DA:1169,0
DA:1171,0
DA:1176,0
DA:1195,1
DA:1202,1
DA:1217,1
DA:1233,0
DA:1235,0
DA:1240,0
DA:1254,0
DA:1255,0
DA:1259,0
DA:1272,0
DA:1274,0
DA:1279,0
DA:1293,0
DA:1295,0
DA:1303,0
DA:1319,0
DA:1321,0
DA:1336,0
DA:1351,0
DA:1353,0
DA:1358,0
DA:1374,0
DA:1376,0
DA:1381,0
DA:1392,0
DA:1393,0
DA:1396,0
DA:1410,0
DA:1411,0
DA:1414,0
LF:169
LH:22
end_of_record
SF:C:\src\win32\lib\src\combase.dart
DA:24,40
DA:33,6
DA:34,6
DA:38,6
DA:39,6
DA:40,0
DA:44,6
DA:54,5
DA:55,5
DA:59,5
DA:60,5
DA:61,0
DA:65,5
LF:13
LH:11
end_of_record
SF:C:\src\win32\lib\src\structs.dart
DA:253,0
DA:254,0
DA:257,5
DA:258,4
DA:261,5
DA:262,3
DA:265,5
DA:266,4
DA:269,0
DA:270,0
DA:273,0
DA:274,0
DA:275,0
DA:276,0
DA:277,0
DA:280,0
DA:281,0
DA:284,0
DA:285,0
DA:288,0
DA:289,0
DA:292,0
DA:293,0
DA:296,0
DA:297,0
DA:300,0
DA:301,0
DA:304,0
DA:305,0
DA:308,0
DA:309,0
DA:312,0
DA:313,0
DA:315,0
DA:316,0
DA:319,0
DA:320,0
DA:323,5
DA:324,3
DA:327,5
DA:328,3
DA:331,0
DA:332,0
DA:335,5
DA:336,4
DA:339,5
DA:340,3
DA:363,0
DA:364,0
DA:409,0
DA:433,0
DA:566,0
DA:567,0
DA:568,0
DA:569,0
DA:570,0
DA:571,0
DA:572,0
DA:573,0
DA:574,0
DA:575,0
DA:576,0
DA:577,0
DA:578,0
DA:579,0
DA:580,0
DA:581,0
DA:582,0
DA:583,0
DA:584,0
DA:618,0
DA:619,0
DA:620,0
DA:621,0
DA:622,0
DA:623,0
DA:641,0
DA:643,0
DA:644,0
DA:646,0
DA:647,0
DA:649,0
DA:650,0
DA:651,0
DA:652,0
DA:654,0
DA:655,0
DA:656,0
DA:657,0
DA:674,0
DA:676,0
DA:677,0
DA:678,0
DA:679,0
DA:680,0
DA:682,0
DA:683,0
DA:684,0
DA:685,0
DA:686,0
DA:702,0
DA:704,0
DA:705,0
DA:706,0
DA:708,0
DA:709,0
DA:710,0
DA:763,0
DA:764,0
DA:792,6
DA:794,30
DA:795,30
DA:798,36
DA:799,36
DA:800,36
DA:801,36
DA:802,36
DA:803,30
DA:804,6
DA:805,6
DA:807,30
DA:808,24
DA:809,24
DA:810,6
DA:811,6
DA:815,5
DA:816,10
DA:817,15
DA:818,15
DA:819,15
DA:823,10
DA:824,10
DA:825,10
DA:826,10
DA:827,10
DA:828,10
DA:829,10
DA:830,5
DA:833,25
DA:834,10
DA:974,0
DA:975,0
DA:992,0
DA:993,0
DA:994,0
DA:995,0
DA:996,0
DA:997,0
DA:998,0
DA:1017,1
DA:1018,1
DA:1019,2
DA:1020,3
DA:1022,1
DA:1025,1
DA:1026,1
DA:1027,2
DA:1028,1
DA:1031,2
DA:1032,3
DA:1114,0
DA:1120,0
DA:1140,0
DA:1141,0
DA:1142,0
DA:1144,0
DA:1145,0
DA:1146,0
DA:1148,0
DA:1149,0
DA:1150,0
DA:1151,0
DA:1221,0
DA:1222,0
DA:1223,0
DA:1224,0
DA:1226,0
DA:1229,0
DA:1231,0
DA:1232,0
DA:1233,0
DA:1245,0
DA:1246,0
DA:1247,0
DA:1248,0
DA:1250,0
DA:1253,0
DA:1255,0
DA:1256,0
DA:1257,0
DA:1265,0
DA:1266,0
DA:1271,0
DA:1272,0
DA:1273,0
DA:1274,0
DA:1276,0
DA:1279,0
DA:1281,0
DA:1282,0
DA:1283,0
LF:201
LH:56
end_of_record
SF:C:\src\win32\lib\src\structs.g.dart
DA:241,0
DA:242,0
DA:243,0
DA:244,0
DA:246,0
DA:249,0
DA:250,0
DA:251,0
DA:252,0
DA:311,0
DA:312,0
DA:313,0
DA:314,0
DA:316,0
DA:319,0
DA:320,0
DA:321,0
DA:322,0
DA:717,0
DA:718,0
DA:719,0
DA:720,0
DA:722,0
DA:725,0
DA:726,0
DA:727,0
DA:728,0
DA:735,0
DA:736,0
DA:737,0
DA:738,0
DA:740,0
DA:743,0
DA:744,0
DA:745,0
DA:746,0
DA:753,0
DA:754,0
DA:755,0
DA:756,0
DA:758,0
DA:761,0
DA:762,0
DA:763,0
DA:764,0
DA:966,0
DA:967,0
DA:968,0
DA:969,0
DA:971,0
DA:974,0
DA:975,0
DA:976,0
DA:977,0
DA:984,0
DA:985,0
DA:986,0
DA:987,0
DA:989,0
DA:992,0
DA:993,0
DA:994,0
DA:995,0
DA:1108,0
DA:1109,0
DA:1110,0
DA:1111,0
DA:1113,0
DA:1116,0
DA:1117,0
DA:1118,0
DA:1119,0
DA:1266,0
DA:1267,0
DA:1268,0
DA:1269,0
DA:1271,0
DA:1274,0
DA:1275,0
DA:1276,0
DA:1277,0
DA:1362,0
DA:1363,0
DA:1364,0
DA:1365,0
DA:1367,0
DA:1370,0
DA:1371,0
DA:1372,0
DA:1373,0
DA:1396,0
DA:1397,0
DA:1398,0
DA:1399,0
DA:1401,0
DA:1404,0
DA:1405,0
DA:1406,0
DA:1407,0
DA:1595,0
DA:1596,0
DA:1597,0
DA:1598,0
DA:1600,0
DA:1603,0
DA:1604,0
DA:1605,0
DA:1606,0
DA:1719,0
DA:1720,0
DA:1721,0
DA:1722,0
DA:1724,0
DA:1727,0
DA:1728,0
DA:1729,0
DA:1730,0
DA:1756,0
DA:1757,0
DA:1758,0
DA:1759,0
DA:1761,0
DA:1764,0
DA:1765,0
DA:1766,0
DA:1767,0
DA:1848,0
DA:1849,0
DA:1850,0
DA:1851,0
DA:1853,0
DA:1856,0
DA:1857,0
DA:1858,0
DA:1859,0
DA:2243,0
DA:2244,0
DA:2245,0
DA:2246,0
DA:2248,0
DA:2251,0
DA:2252,0
DA:2253,0
DA:2254,0
DA:2630,0
DA:2631,0
DA:2632,0
DA:2633,0
DA:2635,0
DA:2638,0
DA:2639,0
DA:2640,0
DA:2641,0
DA:2676,0
DA:2677,0
DA:2678,0
DA:2679,0
DA:2681,0
DA:2684,0
DA:2685,0
DA:2686,0
DA:2687,0
DA:2694,0
DA:2695,0
DA:2696,0
DA:2697,0
DA:2699,0
DA:2702,0
DA:2703,0
DA:2704,0
DA:2705,0
LF:171
LH:0
end_of_record
SF:C:\src\win32\lib\src\api-ms-win-core-winrt-l1-1-0.dart
DA:20,4
DA:21,2
DA:32,2
DA:33,2
DA:37,2
DA:50,0
DA:52,0
DA:57,0
DA:68,0
DA:70,0
DA:74,0
DA:86,2
DA:87,2
DA:90,2
DA:99,2
DA:100,2
DA:102,2
LF:17
LH:11
end_of_record
SF:C:\src\win32\lib\src\api-ms-win-core-winrt-string-l1-1-0.dart
DA:20,14
DA:21,7
DA:33,6
DA:36,6
DA:41,6
DA:52,6
DA:53,6
DA:56,6
DA:68,0
DA:70,0
DA:73,0
DA:85,0
DA:87,0
DA:91,0
DA:102,0
DA:103,0
DA:106,0
DA:118,5
DA:120,5
DA:124,5
DA:135,0
DA:136,0
DA:139,0
DA:152,0
DA:155,0
DA:160,0
DA:172,0
DA:174,0
DA:178,0
DA:193,0
DA:196,0
DA:201,0
DA:213,0
DA:215,0
DA:219,0
DA:233,0
DA:234,0
DA:239,0
DA:254,0
DA:257,0
DA:263,0
DA:278,0
DA:281,0
DA:286,0
DA:300,0
DA:303,0
DA:308,0
LF:47
LH:11
end_of_record
SF:C:\src\win32\lib\src\api-ms-win-ro-typeresolution-l1-1-0.dart
DA:19,6
DA:20,3
DA:35,3
DA:42,3
DA:55,3
LF:5
LH:5
end_of_record
SF:C:\src\win32\lib\src\bthprops.dart
DA:20,0
DA:37,0
DA:43,0
DA:56,0
DA:70,0
DA:72,0
DA:78,0
DA:91,0
DA:92,0
DA:95,0
DA:108,0
DA:109,0
DA:113,0
DA:129,0
DA:134,0
DA:142,0
DA:155,0
DA:156,0
DA:159,0
DA:172,0
DA:174,0
DA:179,0
DA:192,0
DA:194,0
DA:199,0
DA:211,0
DA:212,0
DA:216,0
DA:228,0
DA:229,0
DA:233,0
DA:245,0
DA:246,0
DA:249,0
DA:262,0
DA:264,0
DA:268,0
DA:280,0
DA:281,0
DA:284,0
DA:296,0
DA:297,0
DA:300,0
DA:313,0
DA:314,0
DA:318,0
DA:334,0
DA:339,0
DA:350,0
DA:364,0
DA:365,0
DA:369,0
DA:384,0
DA:386,0
DA:394,0
DA:407,0
DA:408,0
DA:411,0
DA:423,0
DA:424,0
DA:428,0
LF:61
LH:0
end_of_record
SF:C:\src\win32\lib\src\com\IApplicationActivationManager.dart
DA:72,2
DA:74,0
DA:76,0
DA:77,0
DA:78,0
DA:79,0
DA:81,0
DA:83,0
DA:84,0
DA:85,0
DA:86,0
DA:88,0
DA:90,0
DA:91,0
DA:92,0
DA:93,0
DA:98,0
DA:100,0
DA:103,0
DA:104,0
DA:107,0
DA:109,0
DA:111,0
DA:113,0
DA:114,0
LF:25
LH:1
end_of_record
SF:C:\src\win32\lib\src\constants.dart
DA:4872,0
DA:4875,0
DA:4878,0
DA:4881,3
DA:4884,3
DA:4887,0
DA:4890,0
DA:4893,0
DA:4896,3
DA:4899,0
DA:4902,0
DA:4905,3
DA:6478,0
DA:6481,0
DA:6484,0
DA:6487,0
DA:6490,0
DA:6493,0
DA:6496,0
DA:6499,0
DA:6502,0
DA:6505,0
DA:6508,3
DA:6511,0
DA:6514,0
DA:6517,0
DA:6520,0
DA:6523,0
DA:6526,0
DA:6529,0
DA:6532,0
DA:6535,0
DA:6538,0
DA:6541,0
DA:6544,0
DA:6547,0
LF:36
LH:5
end_of_record
SF:C:\src\win32\lib\src\exceptions.dart
DA:20,2
DA:25,4
DA:33,2
DA:34,2
DA:40,2
DA:41,2
DA:42,2
DA:47,2
DA:49,2
DA:53,2
DA:57,2
DA:58,6
DA:63,2
DA:67,2
DA:69,10
LF:15
LH:15
end_of_record
SF:C:\src\win32\lib\src\macros.dart
DA:20,0
DA:26,0
DA:31,0
DA:36,0
DA:41,0
DA:46,0
DA:52,0
DA:58,0
DA:64,0
DA:70,0
DA:75,16
DA:80,28
DA:86,1
DA:87,5
DA:88,1
DA:95,0
DA:119,0
DA:131,0
DA:150,0
DA:152,0
LF:20
LH:5
end_of_record
SF:C:\src\win32\lib\src\ole32.dart
DA:20,30
DA:31,0
DA:32,0
DA:36,0
DA:48,0
DA:49,0
DA:53,0
DA:66,6
DA:67,6
DA:71,6
DA:80,0
DA:82,0
DA:84,0
DA:96,1
DA:97,1
DA:100,1
DA:119,3
DA:121,3
DA:126,3
DA:143,1
DA:145,1
DA:150,1
DA:160,0
DA:161,0
DA:163,0
DA:177,3
DA:178,3
DA:181,3
DA:201,0
DA:211,0
DA:232,0
DA:253,0
DA:262,0
DA:281,0
DA:294,0
DA:295,0
DA:297,0
DA:308,3
DA:310,3
DA:311,3
DA:324,8
DA:325,8
DA:328,8
DA:342,0
DA:343,0
DA:346,0
DA:357,0
DA:358,0
DA:360,0
DA:372,0
DA:373,0
DA:377,0
DA:390,0
DA:391,0
DA:395,0
DA:409,0
DA:410,0
DA:414,0
DA:426,0
DA:427,0
DA:431,0
LF:61
LH:22
end_of_record
SF:C:\src\win32\lib\src\utils.dart
DA:30,0
DA:32,0
DA:37,0
DA:38,0
DA:39,0
DA:41,0
DA:43,0
DA:44,0
DA:46,0
DA:49,0
DA:50,0
DA:53,0
DA:54,0
DA:60,3
DA:62,3
DA:64,0
DA:75,14
DA:82,16
DA:88,186
LF:19
LH:5
end_of_record
SF:C:\src\win32\lib\src\com\IUnknown.dart
DA:41,83
DA:43,3
DA:44,3
DA:45,9
DA:46,9
DA:48,2
DA:49,3
DA:50,3
DA:52,4
DA:53,6
DA:54,6
LF:11
LH:11
end_of_record
SF:C:\src\win32\lib\src\com\IAppxFactory.dart
DA:70,2
DA:72,0
DA:76,0
DA:77,0
DA:78,0
DA:79,0
DA:81,0
DA:83,0
DA:84,0
DA:85,0
DA:86,0
DA:88,0
DA:90,0
DA:91,0
DA:92,0
DA:93,0
DA:95,0
DA:97,0
DA:98,0
DA:99,0
DA:100,0
DA:102,0
DA:104,0
DA:107,0
DA:108,0
DA:109,0
DA:114,0
DA:116,0
DA:118,0
DA:119,0
DA:122,0
DA:124,0
DA:126,0
DA:128,0
DA:129,0
LF:35
LH:1
end_of_record
SF:C:\src\win32\lib\src\com\IAppxFile.dart
DA:52,2
DA:54,0
DA:55,0
DA:56,0
DA:57,0
DA:58,0
DA:60,0
DA:61,0
DA:62,0
DA:63,0
DA:65,0
DA:66,0
DA:67,0
DA:68,0
DA:70,0
DA:71,0
DA:72,0
DA:73,0
DA:75,0
DA:76,0
DA:77,0
DA:78,0
LF:22
LH:1
end_of_record
SF:C:\src\win32\lib\src\com\IAppxFilesEnumerator.dart
DA:41,2
DA:43,0
DA:44,0
DA:45,0
DA:46,0
DA:48,0
DA:49,0
DA:50,0
DA:51,0
DA:53,0
DA:54,0
DA:55,0
DA:56,0
LF:13
LH:1
end_of_record
SF:C:\src\win32\lib\src\com\IAppxManifestApplication.dart
DA:40,2
DA:42,0
DA:43,0
DA:44,0
DA:45,0
DA:47,0
DA:48,0
DA:49,0
DA:50,0
DA:51,0
LF:10
LH:1
end_of_record
SF:C:\src\win32\lib\src\com\IAppxManifestApplicationsEnumerator.dart
DA:44,2
DA:46,0
DA:47,0
DA:48,0
DA:49,0
DA:51,0
DA:52,0
DA:53,0
DA:54,0
DA:56,0
DA:57,0
DA:58,0
DA:59,0
LF:13
LH:1
end_of_record
SF:C:\src\win32\lib\src\com\IAppxManifestOSPackageDependency.dart
DA:39,2
DA:41,0
DA:42,0
DA:43,0
DA:44,0
DA:46,0
DA:47,0
DA:48,0
DA:49,0
LF:9
LH:1
end_of_record
SF:C:\src\win32\lib\src\com\IAppxManifestPackageDependenciesEnumerator.dart
DA:44,1
DA:45,1
DA:47,0
DA:48,0
DA:49,0
DA:50,0
DA:52,0
DA:53,0
DA:54,0
DA:55,0
DA:57,0
DA:58,0
DA:59,0
DA:60,0
LF:14
LH:2
end_of_record
SF:C:\src\win32\lib\src\com\IAppxManifestPackageDependency.dart
DA:45,2
DA:47,0
DA:48,0
DA:49,0
DA:50,0
DA:52,0
DA:53,0
DA:54,0
DA:55,0
DA:57,0
DA:58,0
DA:59,0
DA:60,0
LF:13
LH:1
end_of_record
SF:C:\src\win32\lib\src\com\IAppxManifestPackageId.dart
DA:69,2
DA:71,0
DA:72,0
DA:73,0
DA:74,0
DA:76,0
DA:77,0
DA:78,0
DA:79,0
DA:81,0
DA:82,0
DA:83,0
DA:84,0
DA:86,0
DA:87,0
DA:88,0
DA:89,0
DA:91,0
DA:92,0
DA:93,0
DA:94,0
DA:96,0
DA:97,0
DA:98,0
DA:99,0
DA:101,0
DA:102,0
DA:103,0
DA:104,0
DA:105,0
DA:107,0
DA:108,0
DA:109,0
DA:110,0
DA:111,0
LF:35
LH:1
end_of_record
SF:C:\src\win32\lib\src\com\IAppxManifestProperties.dart
DA:40,2
DA:42,0
DA:43,0
DA:44,0
DA:45,0
DA:47,0
DA:48,0
DA:49,0
DA:50,0
LF:9
LH:1
end_of_record
SF:C:\src\win32\lib\src\com\IAppxManifestReader.dart
DA:75,8
DA:77,0
DA:78,0
DA:79,0
DA:80,0
DA:82,0
DA:83,0
DA:84,0
DA:85,0
DA:87,0
DA:88,0
DA:89,0
DA:90,0
DA:91,0
DA:93,0
DA:94,0
DA:95,0
DA:96,0
DA:98,0
DA:99,0
DA:100,0
DA:101,0
DA:103,0
DA:104,0
DA:105,0
DA:106,0
DA:107,0
DA:109,0
DA:110,0
DA:111,0
DA:112,0
DA:114,0
DA:115,0
DA:116,0
DA:117,0
DA:119,0
DA:120,0
DA:121,0
DA:122,0
LF:39
LH:1
end_of_record
SF:C:\src\win32\lib\src\com\IAppxManifestReader2.dart
DA:35,6
DA:37,0
DA:38,0
DA:39,0
DA:40,0
LF:5
LH:1
end_of_record
SF:C:\src\win32\lib\src\com\IAppxManifestReader3.dart
DA:40,4
DA:42,0
DA:44,0
DA:46,0
DA:47,0
DA:49,0
DA:50,0
DA:51,0
DA:53,0
DA:54,0
DA:55,0
DA:56,0
DA:57,0
LF:13
LH:1
end_of_record
SF:C:\src\win32\lib\src\com\IAppxManifestReader4.dart
DA:35,2
DA:37,0
DA:38,0
DA:39,0
DA:40,0
DA:41,0
LF:6
LH:1
end_of_record
SF:C:\src\win32\lib\src\com\IAppxManifestReader5.dart
DA:35,2
DA:37,0
DA:38,0
DA:39,0
DA:40,0
DA:41,0
LF:6
LH:1
end_of_record
SF:C:\src\win32\lib\src\com\IAppxManifestReader6.dart
DA:35,2
DA:37,0
DA:39,0
DA:41,0
DA:42,0
DA:44,0
DA:45,0
DA:46,0
LF:8
LH:1
end_of_record
SF:C:\src\win32\lib\src\com\IAppxManifestReader7.dart
DA:45,2
DA:47,0
DA:48,0
DA:49,0
DA:50,0
DA:51,0
DA:53,0
DA:54,0
DA:55,0
DA:56,0
DA:57,0
DA:59,0
DA:60,0
DA:61,0
DA:62,0
DA:63,0
LF:16
LH:1
end_of_record
SF:C:\src\win32\lib\src\com\IAppxPackageReader.dart
DA:55,2
DA:57,0
DA:58,0
DA:59,0
DA:60,0
DA:62,0
DA:63,0
DA:64,0
DA:65,0
DA:67,0
DA:68,0
DA:69,0
DA:70,0
DA:72,0
DA:73,0
DA:74,0
DA:75,0
DA:77,0
DA:78,0
DA:79,0
DA:80,0
LF:21
LH:1
end_of_record
SF:C:\src\win32\lib\src\com\IAsyncAction.dart
DA:42,0
DA:44,0
DA:45,0
DA:46,0
DA:47,0
DA:49,0
DA:52,0
DA:56,0
DA:57,0
DA:58,0
DA:59,0
DA:61,0
DA:64,0
DA:68,0
DA:69,0
DA:70,0
LF:16
LH:0
end_of_record
SF:C:\src\win32\lib\src\com\IAsyncInfo.dart
DA:48,0
DA:50,0
DA:54,0
DA:55,0
DA:56,0
DA:57,0
DA:59,0
DA:62,0
DA:66,0
DA:70,0
DA:71,0
DA:72,0
DA:73,0
DA:75,0
DA:78,0
DA:82,0
DA:86,0
DA:87,0
DA:88,0
DA:89,0
DA:91,0
DA:94,0
DA:98,0
DA:99,0
DA:100,0
DA:102,0
DA:103,0
DA:104,0
LF:28
LH:0
end_of_record
SF:C:\src\win32\lib\src\com\IInspectable.dart
DA:45,6
DA:47,0
DA:48,0
DA:49,0
DA:50,0
DA:52,0
DA:53,0
DA:54,0
DA:55,0
DA:57,0
DA:58,0
DA:59,0
DA:60,0
LF:13
LH:1
end_of_record
SF:C:\src\win32\lib\src\com\IBindCtx.dart
DA:74,2
DA:76,0
DA:77,0
DA:78,0
DA:79,0
DA:81,0
DA:82,0
DA:83,0
DA:84,0
DA:86,0
DA:87,0
DA:88,0
DA:89,0
DA:91,0
DA:92,0
DA:93,0
DA:94,0
DA:96,0
DA:97,0
DA:98,0
DA:99,0
DA:101,0
DA:102,0
DA:103,0
DA:104,0
DA:106,0
DA:107,0
DA:108,0
DA:109,0
DA:110,0
DA:112,0
DA:113,0
DA:114,0
DA:115,0
DA:117,0
DA:118,0
DA:119,0
DA:120,0
DA:122,0
DA:123,0
DA:124,0
DA:125,0
LF:42
LH:1
end_of_record
SF:C:\src\win32\lib\src\com\ICalendar.dart
DA:439,4
DA:441,0
DA:442,0
DA:443,0
DA:444,0
DA:446,0
DA:447,0
DA:448,0
DA:450,0
DA:451,0
DA:452,0
DA:454,0
DA:458,0
DA:459,0
DA:460,0
DA:461,0
DA:463,0
DA:466,0
DA:470,0
DA:474,0
DA:475,0
DA:476,0
DA:477,0
DA:479,0
DA:482,0
DA:486,0
DA:487,0
DA:488,0
DA:489,0
DA:491,0
DA:494,0
DA:495,0
DA:496,0
DA:497,0
DA:499,0
DA:500,0
DA:501,0
DA:502,0
DA:504,0
DA:505,0
DA:506,0
DA:507,0
DA:509,0
DA:510,0
DA:511,0
DA:512,0
DA:514,0
DA:515,0
DA:516,0
DA:517,0
DA:519,0
DA:520,0
DA:521,0
DA:522,0
DA:524,0
DA:525,0
DA:526,0
DA:528,0
DA:532,0
DA:533,0
DA:534,0
DA:535,0
DA:537,0
DA:540,0
DA:544,0
DA:548,0
DA:549,0
DA:550,0
DA:551,0
DA:553,0
DA:556,0
DA:560,0
DA:564,0
DA:565,0
DA:566,0
DA:567,0
DA:569,0
DA:572,0
DA:576,0
DA:580,0
DA:581,0
DA:582,0
DA:583,0
DA:585,0
DA:588,0
DA:592,0
DA:593,0
DA:594,0
DA:595,0
DA:597,0
DA:600,0
DA:601,0
DA:602,0
DA:604,0
DA:605,0
DA:606,0
DA:607,0
DA:609,0
DA:610,0
DA:611,0
DA:612,0
DA:614,0
DA:619,0
DA:620,0
DA:621,0
DA:622,0
DA:623,0
DA:625,0
DA:628,0
DA:632,0
DA:637,0
DA:638,0
DA:639,0
DA:640,0
DA:641,0
DA:643,0
DA:646,0
DA:650,0
DA:654,0
DA:657,0
DA:658,0
DA:659,0
DA:660,0
DA:662,0
DA:665,0
DA:669,2
DA:673,2
DA:674,6
DA:675,6
DA:676,2
DA:678,2
DA:681,2
DA:685,0
DA:686,0
DA:687,0
DA:688,0
DA:690,0
DA:693,1
DA:694,1
DA:695,3
DA:696,3
DA:698,0
DA:699,0
DA:700,0
DA:701,0
DA:703,0
DA:704,0
DA:705,0
DA:706,0
DA:707,0
DA:709,0
DA:710,0
DA:711,0
DA:712,0
DA:713,0
DA:715,0
DA:720,0
DA:721,0
DA:722,0
DA:723,0
DA:724,0
DA:726,0
DA:729,0
DA:733,0
DA:738,0
DA:739,0
DA:740,0
DA:741,0
DA:742,0
DA:744,0
DA:747,0
DA:751,0
DA:755,0
DA:758,0
DA:759,0
DA:760,0
DA:761,0
DA:763,0
DA:766,0
DA:770,0
DA:774,0
DA:775,0
DA:776,0
DA:777,0
DA:779,0
DA:782,0
DA:786,0
DA:787,0
DA:788,0
DA:789,0
DA:791,0
DA:794,0
DA:795,0
DA:796,0
DA:797,0
DA:799,1
DA:800,1
DA:801,3
DA:802,3
DA:804,1
DA:805,1
DA:806,3
DA:807,1
DA:808,2
DA:810,0
DA:811,0
DA:812,0
DA:813,0
DA:815,0
DA:816,0
DA:817,0
DA:818,0
DA:819,0
DA:821,0
DA:822,0
DA:823,0
DA:824,0
DA:826,0
DA:827,0
DA:828,0
DA:829,0
DA:830,0
DA:832,0
DA:833,0
DA:834,0
DA:835,0
DA:837,0
DA:842,0
DA:843,0
DA:844,0
DA:845,0
DA:846,0
DA:848,0
DA:851,0
DA:855,0
DA:860,0
DA:861,0
DA:862,0
DA:863,0
DA:864,0
DA:866,0
DA:869,0
DA:873,0
DA:877,0
DA:880,0
DA:881,0
DA:882,0
DA:883,0
DA:885,0
DA:888,0
DA:892,1
DA:896,1
DA:897,3
DA:898,3
DA:899,1
DA:901,1
DA:904,1
DA:908,0
DA:909,0
DA:910,0
DA:911,0
DA:913,0
DA:916,0
DA:917,0
DA:918,0
DA:920,0
DA:921,0
DA:922,0
DA:923,0
DA:925,0
DA:926,0
DA:927,0
DA:928,0
DA:929,0
DA:931,1
DA:935,1
DA:936,3
DA:937,3
DA:938,1
DA:940,1
DA:943,1
DA:947,0
DA:948,0
DA:949,0
DA:950,0
DA:952,0
DA:953,0
DA:954,0
DA:955,0
DA:956,0
DA:958,0
DA:959,0
DA:960,0
DA:961,0
DA:962,0
DA:964,0
DA:965,0
DA:966,0
DA:967,0
DA:968,0
DA:970,0
DA:975,0
DA:976,0
DA:977,0
DA:978,0
DA:979,0
DA:981,0
DA:984,0
DA:988,0
DA:993,0
DA:994,0
DA:995,0
DA:996,0
DA:997,0
DA:999,0
DA:1002,0
DA:1006,0
DA:1010,0
DA:1013,0
DA:1014,0
DA:1015,0
DA:1016,0
DA:1018,0
DA:1021,0
DA:1025,0
DA:1029,0
DA:1030,0
DA:1031,0
DA:1032,0
DA:1034,0
DA:1037,0
DA:1041,0
DA:1042,0
DA:1043,0
DA:1044,0
DA:1046,0
DA:1049,0
DA:1050,0
DA:1051,0
DA:1052,0
DA:1054,0
DA:1055,0
DA:1056,0
DA:1057,0
DA:1059,0
DA:1060,0
DA:1061,0
DA:1062,0
DA:1063,0
DA:1065,0
DA:1069,0
DA:1072,0
DA:1073,0
DA:1074,0
DA:1075,0
DA:1077,0
DA:1080,0
DA:1084,0
DA:1089,0
DA:1090,0
DA:1091,0
DA:1092,0
DA:1093,0
DA:1095,0
DA:1098,0
DA:1102,0
DA:1106,0
DA:1109,0
DA:1110,0
DA:1111,0
DA:1112,0
DA:1114,0
DA:1117,0
DA:1121,1
DA:1125,1
DA:1126,3
DA:1127,3
DA:1128,1
DA:1130,1
DA:1133,1
DA:1137,0
DA:1138,0
DA:1139,0
DA:1140,0
DA:1142,0
DA:1145,0
DA:1146,0
DA:1147,0
DA:1148,0
DA:1150,0
DA:1151,0
DA:1152,0
DA:1153,0
DA:1155,0
DA:1156,0
DA:1157,0
DA:1158,0
DA:1159,0
DA:1161,0
DA:1165,0
DA:1166,0
DA:1167,0
DA:1168,0
DA:1170,0
DA:1173,0
DA:1177,0
DA:1178,0
DA:1179,0
DA:1180,0
DA:1182,0
DA:1185,0
DA:1186,0
DA:1187,0
DA:1188,0
DA:1190,0
DA:1191,0
DA:1192,0
DA:1193,0
DA:1195,0
DA:1196,0
DA:1197,0
DA:1198,0
DA:1199,0
DA:1201,0
DA:1205,0
DA:1206,0
DA:1207,0
DA:1208,0
DA:1210,0
DA:1213,0
DA:1217,0
DA:1218,0
DA:1219,0
DA:1220,0
DA:1222,0
DA:1225,0
DA:1226,0
DA:1227,0
DA:1228,0
DA:1230,0
DA:1231,0
DA:1232,0
DA:1233,0
DA:1235,0
DA:1236,0
DA:1237,0
DA:1238,0
DA:1239,0
DA:1241,0
DA:1245,0
DA:1246,0
DA:1247,0
DA:1248,0
DA:1250,0
DA:1253,0
DA:1257,0
DA:1258,0
DA:1259,0
DA:1260,0
DA:1262,0
DA:1265,0
DA:1266,0
DA:1267,0
DA:1268,0
DA:1270,0
DA:1271,0
DA:1272,0
DA:1273,0
DA:1275,0
DA:1276,0
DA:1277,0
DA:1278,0
DA:1279,0
DA:1281,0
DA:1282,0
DA:1283,0
DA:1284,0
DA:1286,0
DA:1287,0
DA:1288,0
DA:1289,0
DA:1291,0
DA:1292,0
DA:1293,0
DA:1294,0
DA:1296,0
DA:1300,0
DA:1303,0
DA:1304,0
DA:1305,0
DA:1306,0
DA:1308,0
DA:1311,0
DA:1315,0
DA:1320,0
DA:1321,0
DA:1322,0
DA:1323,0
DA:1324,0
DA:1326,0
DA:1329,0
DA:1333,0
DA:1337,0
DA:1340,0
DA:1341,0
DA:1342,0
DA:1343,0
DA:1345,0
DA:1348,0
DA:1352,0
DA:1356,0
DA:1359,0
DA:1360,0
DA:1361,0
DA:1362,0
DA:1364,0
DA:1367,0
DA:1371,0
DA:1375,0
DA:1378,0
DA:1379,0
DA:1380,0
DA:1381,0
DA:1383,0
DA:1386,0
DA:1390,0
DA:1394,0
DA:1397,0
DA:1398,0
DA:1399,0
DA:1400,0
DA:1402,0
DA:1405,0
DA:1409,1
DA:1414,1
DA:1415,3
DA:1416,1
DA:1417,2
DA:1418,1
DA:1420,1
DA:1423,1
DA:1427,1
DA:1432,1
DA:1433,3
DA:1434,1
DA:1435,2
DA:1436,1
DA:1438,1
DA:1439,1
DA:1441,1
LF:550
LH:59
end_of_record
SF:C:\src\win32\lib\src\com\IClassFactory.dart
DA:38,4
DA:40,1
DA:42,1
DA:43,3
DA:44,1
DA:45,2
DA:47,0
DA:48,0
DA:49,0
DA:50,0
LF:10
LH:6
end_of_record
SF:C:\src\win32\lib\src\com\IConnectionPoint.dart
DA:53,2
DA:55,0
DA:56,0
DA:57,0
DA:58,0
DA:60,0
DA:61,0
DA:62,0
DA:63,0
DA:64,0
DA:66,0
DA:67,0
DA:68,0
DA:69,0
DA:71,0
DA:72,0
DA:73,0
DA:74,0
DA:76,0
DA:77,0
DA:78,0
DA:79,0
LF:22
LH:1
end_of_record
SF:C:\src\win32\lib\src\com\IConnectionPointContainer.dart
DA:40,2
DA:42,0
DA:43,0
DA:44,0
DA:45,0
DA:47,0
DA:48,0
DA:49,0
DA:50,0
LF:9
LH:1
end_of_record
SF:C:\src\win32\lib\src\com\IDesktopWallpaper.dart
DA:101,2
DA:103,0
DA:104,0
DA:105,0
DA:106,0
DA:107,0
DA:109,0
DA:111,0
DA:112,0
DA:113,0
DA:114,0
DA:116,0
DA:118,0
DA:119,0
DA:120,0
DA:121,0
DA:123,0
DA:124,0
DA:125,0
DA:126,0
DA:128,0
DA:129,0
DA:130,0
DA:131,0
DA:132,0
DA:134,0
DA:135,0
DA:136,0
DA:137,0
DA:139,0
DA:140,0
DA:141,0
DA:142,0
DA:144,0
DA:145,0
DA:146,0
DA:147,0
DA:149,0
DA:150,0
DA:151,0
DA:152,0
DA:154,0
DA:155,0
DA:156,0
DA:157,0
DA:159,0
DA:160,0
DA:161,0
DA:162,0
DA:164,0
DA:165,0
DA:166,0
DA:167,0
DA:168,0
DA:170,0
DA:172,0
DA:173,0
DA:174,0
DA:175,0
DA:177,0
DA:178,0
DA:179,0
DA:180,0
DA:181,0
DA:183,0
DA:184,0
DA:185,0
DA:186,0
DA:188,0
DA:189,0
DA:190,0
DA:195,0
DA:197,0
DA:199,0
DA:200,0
DA:203,0
DA:205,0
DA:207,0
DA:209,0
DA:210,0
LF:80
LH:1
end_of_record
SF:C:\src\win32\lib\src\com\IDispatch.dart
DA:76,14
DA:78,0
DA:79,0
DA:80,0
DA:81,0
DA:83,0
DA:84,0
DA:85,0
DA:86,0
DA:87,0
DA:89,0
DA:91,0
DA:92,0
DA:93,0
DA:94,0
DA:96,0
DA:105,0
DA:106,0
DA:107,0
LF:19
LH:1
end_of_record
SF:C:\src\win32\lib\src\com\IEnumIDList.dart
DA:44,2
DA:46,0
DA:48,0
DA:49,0
DA:50,0
DA:52,0
DA:53,0
DA:54,0
DA:56,0
DA:57,0
DA:58,0
DA:60,0
DA:61,0
DA:62,0
DA:63,0
LF:15
LH:1
end_of_record
SF:C:\src\win32\lib\src\com\IEnumMoniker.dart
DA:44,2
DA:46,0
DA:47,0
DA:48,0
DA:49,0
DA:51,0
DA:52,0
DA:53,0
DA:55,0
DA:56,0
DA:57,0
DA:59,0
DA:60,0
DA:61,0
DA:62,0
LF:15
LH:1
end_of_record
SF:C:\src\win32\lib\src\com\IEnumNetworkConnections.dart
DA:50,2
DA:52,0
DA:56,0
DA:57,0
DA:58,0
DA:59,0
DA:61,0
DA:64,0
DA:68,0
DA:69,0
DA:70,0
DA:71,0
DA:73,0
DA:74,0
DA:75,0
DA:77,0
DA:78,0
DA:79,0
DA:81,0
DA:82,0
DA:83,0
DA:84,0
LF:22
LH:1
end_of_record
SF:C:\src\win32\lib\src\com\IEnumNetworks.dart
DA:50,4
DA:52,0
DA:56,0
DA:57,0
DA:58,0
DA:59,0
DA:61,0
DA:64,0
DA:68,1
DA:69,1
DA:70,3
DA:71,3
DA:73,0
DA:74,0
DA:75,0
DA:77,0
DA:78,0
DA:79,0
DA:81,0
DA:82,0
DA:83,0
DA:84,0
LF:22
LH:5
end_of_record
SF:C:\src\win32\lib\src\com\IEnumSpellingError.dart
DA:33,4
DA:35,1
DA:36,1
DA:37,3
DA:38,3
LF:5
LH:5
end_of_record
SF:C:\src\win32\lib\src\com\IEnumString.dart
DA:44,2
DA:46,0
DA:48,0
DA:49,0
DA:50,0
DA:52,0
DA:53,0
DA:54,0
DA:56,0
DA:57,0
DA:58,0
DA:60,0
DA:61,0
DA:62,0
DA:63,0
LF:15
LH:1
end_of_record
SF:C:\src\win32\lib\src\com\IEnumVARIANT.dart
DA:44,2
DA:46,0
DA:47,0
DA:48,0
DA:49,0
DA:51,0
DA:52,0
DA:53,0
DA:55,0
DA:56,0
DA:57,0
DA:59,0
DA:60,0
DA:61,0
DA:62,0
LF:15
LH:1
end_of_record
SF:C:\src\win32\lib\src\com\IEnumWbemClassObject.dart
DA:49,2
DA:51,0
DA:52,0
DA:53,0
DA:55,0
DA:57,0
DA:58,0
DA:59,0
DA:60,0
DA:62,0
DA:63,0
DA:64,0
DA:65,0
DA:67,0
DA:68,0
DA:69,0
DA:70,0
DA:72,0
DA:73,0
DA:74,0
DA:75,0
LF:21
LH:1
end_of_record
SF:C:\src\win32\lib\src\com\IErrorInfo.dart
DA:53,2
DA:55,0
DA:56,0
DA:57,0
DA:58,0
DA:60,0
DA:61,0
DA:62,0
DA:63,0
DA:65,0
DA:66,0
DA:67,0
DA:68,0
DA:70,0
DA:71,0
DA:72,0
DA:73,0
DA:75,0
DA:76,0
DA:77,0
DA:78,0
LF:21
LH:1
end_of_record
SF:C:\src\win32\lib\src\com\IFileDialog.dart
DA:118,10
DA:120,0
DA:121,0
DA:122,0
DA:123,0
DA:124,0
DA:126,0
DA:127,0
DA:128,0
DA:129,0
DA:131,0
DA:132,0
DA:133,0
DA:134,0
DA:136,0
DA:137,0
DA:138,0
DA:139,0
DA:141,0
DA:142,0
DA:143,0
DA:144,0
DA:146,0
DA:147,0
DA:148,0
DA:149,0
DA:151,0
DA:152,0
DA:153,0
DA:154,0
DA:156,0
DA:157,0
DA:158,0
DA:159,0
DA:161,0
DA:162,0
DA:163,0
DA:164,0
DA:166,0
DA:167,0
DA:168,0
DA:169,0
DA:171,0
DA:172,0
DA:173,0
DA:174,0
DA:176,0
DA:177,0
DA:178,0
DA:179,0
DA:181,0
DA:182,0
DA:183,0
DA:184,0
DA:186,0
DA:187,0
DA:188,0
DA:189,0
DA:191,0
DA:192,0
DA:193,0
DA:194,0
DA:196,0
DA:197,0
DA:198,0
DA:199,0
DA:201,0
DA:202,0
DA:203,0
DA:204,0
DA:206,0
DA:207,0
DA:208,0
DA:209,0
DA:211,0
DA:212,0
DA:213,0
DA:214,0
DA:215,0
DA:217,0
DA:218,0
DA:219,0
DA:221,0
DA:222,0
DA:223,0
DA:224,0
DA:226,0
DA:227,0
DA:228,0
DA:229,0
DA:231,0
DA:232,0
DA:233,0
DA:234,0
LF:94
LH:1
end_of_record
SF:C:\src\win32\lib\src\com\IModalWindow.dart
DA:33,12
DA:35,0
DA:36,0
DA:37,0
LF:4
LH:1
end_of_record
SF:C:\src\win32\lib\src\com\IFileDialog2.dart
DA:38,2
DA:40,0
DA:41,0
DA:42,0
DA:43,0
DA:45,0
DA:46,0
DA:47,0
DA:48,0
LF:9
LH:1
end_of_record
SF:C:\src\win32\lib\src\com\IFileDialogCustomize.dart
DA:154,2
DA:156,0
DA:157,0
DA:158,0
DA:159,0
DA:161,0
DA:162,0
DA:163,0
DA:164,0
DA:166,0
DA:167,0
DA:168,0
DA:169,0
DA:171,0
DA:172,0
DA:173,0
DA:174,0
DA:176,0
DA:177,0
DA:178,0
DA:179,0
DA:181,0
DA:182,0
DA:183,0
DA:184,0
DA:185,0
DA:187,0
DA:188,0
DA:189,0
DA:190,0
DA:192,0
DA:193,0
DA:194,0
DA:195,0
DA:197,0
DA:198,0
DA:199,0
DA:200,0
DA:202,0
DA:203,0
DA:204,0
DA:205,0
DA:206,0
DA:208,0
DA:209,0
DA:210,0
DA:211,0
DA:212,0
DA:214,0
DA:215,0
DA:216,0
DA:217,0
DA:218,0
DA:220,0
DA:221,0
DA:222,0
DA:223,0
DA:224,0
DA:226,0
DA:227,0
DA:228,0
DA:229,0
DA:231,0
DA:232,0
DA:233,0
DA:234,0
DA:235,0
DA:237,0
DA:238,0
DA:239,0
DA:240,0
DA:241,0
DA:243,0
DA:244,0
DA:245,0
DA:246,0
DA:247,0
DA:249,0
DA:250,0
DA:251,0
DA:252,0
DA:253,0
DA:255,0
DA:256,0
DA:257,0
DA:258,0
DA:260,0
DA:262,0
DA:263,0
DA:264,0
DA:265,0
DA:267,0
DA:268,0
DA:269,0
DA:270,0
DA:271,0
DA:273,0
DA:274,0
DA:275,0
DA:276,0
DA:277,0
DA:279,0
DA:280,0
DA:281,0
DA:282,0
DA:283,0
DA:285,0
DA:286,0
DA:287,0
DA:288,0
DA:289,0
DA:291,0
DA:292,0
DA:293,0
DA:294,0
DA:296,0
DA:297,0
DA:298,0
DA:299,0
DA:301,0
DA:302,0
DA:303,0
DA:304,0
DA:305,0
LF:124
LH:1
end_of_record
SF:C:\src\win32\lib\src\com\IFileIsInUse.dart
DA:51,2
DA:53,0
DA:54,0
DA:55,0
DA:56,0
DA:58,0
DA:59,0
DA:60,0
DA:61,0
DA:63,0
DA:64,0
DA:65,0
DA:66,0
DA:68,0
DA:69,0
DA:70,0
DA:71,0
DA:73,0
DA:74,0
DA:75,0
LF:20
LH:1
end_of_record
SF:C:\src\win32\lib\src\com\IFileOpenDialog.dart
DA:42,4
DA:44,0
DA:45,0
DA:46,0
DA:47,0
DA:49,0
DA:50,0
DA:51,0
DA:52,0
DA:57,2
DA:59,1
DA:61,1
DA:62,1
DA:65,3
DA:67,2
DA:69,1
DA:71,1
DA:72,1
LF:18
LH:10
end_of_record
SF:C:\src\win32\lib\src\com\IFileOpenPicker.dart
DA:81,0
DA:83,0
DA:87,0
DA:88,0
DA:89,0
DA:90,0
DA:92,0
DA:95,0
DA:99,0
DA:100,0
DA:101,0
DA:102,0
DA:104,0
DA:107,0
DA:112,0
DA:113,0
DA:114,0
DA:115,0
DA:116,0
DA:118,0
DA:121,0
DA:125,0
DA:127,0
DA:128,0
DA:129,0
DA:131,0
DA:134,0
DA:138,0
DA:141,0
DA:142,0
DA:143,0
DA:144,0
DA:146,0
DA:149,0
DA:153,0
DA:155,0
DA:156,0
DA:157,0
DA:158,0
DA:160,0
DA:163,0
DA:168,0
DA:169,0
DA:170,0
DA:171,0
DA:172,0
DA:174,0
DA:177,0
DA:181,0
DA:183,0
DA:184,0
DA:185,0
DA:187,0
DA:190,0
DA:195,0
DA:196,0
DA:197,0
DA:198,0
DA:199,0
DA:201,0
DA:204,0
DA:208,0
DA:209,0
DA:210,0
DA:211,0
DA:213,0
DA:214,0
DA:215,0
DA:216,0
LF:69
LH:0
end_of_record
SF:C:\src\win32\lib\src\com\IFileSaveDialog.dart
DA:54,2
DA:56,0
DA:57,0
DA:58,0
DA:59,0
DA:61,0
DA:62,0
DA:63,0
DA:64,0
DA:66,0
DA:67,0
DA:68,0
DA:69,0
DA:70,0
DA:72,0
DA:73,0
DA:74,0
DA:75,0
DA:77,0
DA:78,0
DA:79,0
DA:80,0
DA:81,0
DA:86,0
DA:88,0
DA:90,0
DA:91,0
DA:94,0
DA:96,0
DA:98,0
DA:100,0
DA:101,0
LF:32
LH:1
end_of_record
SF:C:\src\win32\lib\src\com\IKnownFolder.dart
DA:72,2
DA:74,0
DA:75,0
DA:76,0
DA:77,0
DA:79,0
DA:80,0
DA:81,0
DA:82,0
DA:84,0
DA:85,0
DA:86,0
DA:87,0
DA:89,0
DA:90,0
DA:91,0
DA:92,0
DA:94,0
DA:95,0
DA:96,0
DA:97,0
DA:99,0
DA:100,0
DA:101,0
DA:102,0
DA:104,0
DA:105,0
DA:106,0
DA:107,0
DA:109,0
DA:110,0
DA:111,0
DA:112,0
DA:113,0
DA:115,0
DA:116,0
DA:117,0
DA:118,0
LF:38
LH:1
end_of_record
SF:C:\src\win32\lib\src\com\IKnownFolderManager.dart
DA:96,2
DA:98,0
DA:99,0
DA:100,0
DA:101,0
DA:103,0
DA:104,0
DA:105,0
DA:106,0
DA:108,0
DA:109,0
DA:110,0
DA:111,0
DA:113,0
DA:114,0
DA:115,0
DA:116,0
DA:118,0
DA:119,0
DA:120,0
DA:121,0
DA:122,0
DA:124,0
DA:126,0
DA:127,0
DA:128,0
DA:130,0
DA:131,0
DA:132,0
DA:133,0
DA:135,0
DA:137,0
DA:138,0
DA:139,0
DA:140,0
DA:142,0
DA:143,0
DA:144,0
DA:145,0
DA:147,0
DA:155,0
DA:156,0
DA:157,0
DA:163,0
DA:165,0
DA:167,0
DA:168,0
DA:171,0
DA:173,0
DA:175,0
DA:177,0
DA:178,0
LF:52
LH:1
end_of_record
SF:C:\src\win32\lib\src\com\IMoniker.dart
DA:117,2
DA:119,0
DA:121,0
DA:122,0
DA:123,0
DA:124,0
DA:126,0
DA:128,0
DA:129,0
DA:130,0
DA:131,0
DA:133,0
DA:135,0
DA:136,0
DA:137,0
DA:138,0
DA:140,0
DA:142,0
DA:143,0
DA:144,0
DA:145,0
DA:147,0
DA:148,0
DA:149,0
DA:150,0
DA:152,0
DA:153,0
DA:154,0
DA:155,0
DA:157,0
DA:158,0
DA:159,0
DA:160,0
DA:162,0
DA:163,0
DA:164,0
DA:165,0
DA:166,0
DA:168,0
DA:170,0
DA:171,0
DA:172,0
DA:173,0
DA:175,0
DA:176,0
DA:177,0
DA:178,0
DA:180,0
DA:181,0
DA:182,0
DA:183,0
DA:184,0
DA:186,0
DA:187,0
DA:188,0
DA:189,0
DA:190,0
DA:192,0
DA:194,0
DA:195,0
DA:196,0
DA:197,0
DA:199,0
DA:205,0
DA:206,0
DA:207,0
DA:208,0
DA:210,0
DA:211,0
DA:212,0
DA:213,0
LF:71
LH:1
end_of_record
SF:C:\src\win32\lib\src\com\IPersistStream.dart
DA:44,4
DA:46,0
DA:47,0
DA:48,0
DA:50,0
DA:51,0
DA:52,0
DA:54,0
DA:55,0
DA:56,0
DA:57,0
DA:59,0
DA:60,0
DA:61,0
DA:62,0
LF:15
LH:1
end_of_record
SF:C:\src\win32\lib\src\com\INetwork.dart
DA:101,4
DA:103,0
DA:104,0
DA:105,0
DA:106,0
DA:108,0
DA:109,0
DA:110,0
DA:111,0
DA:113,1
DA:114,1
DA:115,3
DA:116,3
DA:118,0
DA:119,0
DA:120,0
DA:121,0
DA:123,0
DA:124,0
DA:125,0
DA:126,0
DA:128,0
DA:129,0
DA:130,0
DA:131,0
DA:133,0
DA:134,0
DA:135,0
DA:136,0
DA:137,0
DA:139,0
DA:144,0
DA:145,0
DA:146,0
DA:147,0
DA:153,0
DA:157,0
DA:160,0
DA:161,0
DA:162,0
DA:163,0
DA:165,0
DA:168,0
DA:172,1
DA:176,1
DA:177,3
DA:178,3
DA:179,1
DA:181,1
DA:184,1
DA:188,0
DA:189,0
DA:190,0
DA:191,0
DA:193,0
DA:194,0
DA:195,0
DA:196,0
DA:198,0
DA:199,0
DA:200,0
DA:201,0
LF:62
LH:12
end_of_record
SF:C:\src\win32\lib\src\com\INetworkConnection.dart
DA:65,2
DA:67,0
DA:68,0
DA:69,0
DA:70,0
DA:72,0
DA:76,0
DA:79,0
DA:80,0
DA:81,0
DA:82,0
DA:84,0
DA:87,0
DA:91,0
DA:95,0
DA:96,0
DA:97,0
DA:98,0
DA:100,0
DA:103,0
DA:107,0
DA:108,0
DA:109,0
DA:110,0
DA:112,0
DA:113,0
DA:114,0
DA:115,0
DA:117,0
DA:118,0
DA:119,0
DA:120,0
DA:122,0
DA:123,0
DA:124,0
DA:125,0
LF:36
LH:1
end_of_record
SF:C:\src\win32\lib\src\com\INetworkListManager.dart
DA:76,4
DA:78,1
DA:79,1
DA:80,3
DA:81,1
DA:82,2
DA:84,0
DA:85,0
DA:86,0
DA:87,0
DA:88,0
DA:90,0
DA:91,0
DA:92,0
DA:93,0
DA:95,0
DA:97,0
DA:98,0
DA:99,0
DA:100,0
DA:102,1
DA:106,1
DA:109,3
DA:110,1
DA:111,2
DA:112,1
DA:114,1
DA:117,1
DA:121,1
DA:125,1
DA:126,3
DA:127,3
DA:128,1
DA:130,1
DA:133,1
DA:137,0
DA:138,0
DA:139,0
DA:140,0
DA:142,0
DA:144,0
DA:145,0
DA:146,0
DA:147,0
DA:149,0
DA:150,0
DA:151,0
DA:152,0
DA:157,2
DA:159,1
DA:161,1
DA:162,1
DA:165,3
DA:167,1
DA:169,1
DA:171,1
DA:172,1
LF:57
LH:30
end_of_record
SF:C:\src\win32\lib\src\com\INetworkListManagerEvents.dart
DA:35,2
DA:37,0
DA:38,0
DA:39,0
DA:40,0
DA:41,0
LF:6
LH:1
end_of_record
SF:C:\src\win32\lib\src\com\IPersist.dart
DA:34,6
DA:36,0
DA:37,0
DA:38,0
DA:39,0
LF:5
LH:1
end_of_record
SF:C:\src\win32\lib\src\com\IPropertyValue.dart
DA:193,0
DA:195,0
DA:199,0
DA:200,0
DA:201,0
DA:202,0
DA:204,0
DA:207,0
DA:211,0
DA:216,0
DA:217,0
DA:218,0
DA:219,0
DA:220,0
DA:222,0
DA:223,0
DA:225,0
DA:229,0
DA:230,0
DA:231,0
DA:232,0
DA:234,0
DA:235,0
DA:236,0
DA:237,0
DA:239,0
DA:240,0
DA:241,0
DA:242,0
DA:244,0
DA:245,0
DA:246,0
DA:247,0
DA:249,0
DA:250,0
DA:251,0
DA:252,0
DA:254,0
DA:255,0
DA:256,0
DA:257,0
DA:259,0
DA:260,0
DA:261,0
DA:262,0
DA:264,0
DA:265,0
DA:266,0
DA:267,0
DA:269,0
DA:270,0
DA:271,0
DA:272,0
DA:274,0
DA:275,0
DA:276,0
DA:277,0
DA:279,0
DA:280,0
DA:281,0
DA:282,0
DA:284,0
DA:285,0
DA:286,0
DA:287,0
DA:289,0
DA:290,0
DA:291,0
DA:292,0
DA:294,0
DA:295,0
DA:296,0
DA:297,0
DA:299,0
DA:300,0
DA:301,0
DA:302,0
DA:304,0
DA:305,0
DA:306,0
DA:307,0
DA:309,0
DA:310,0
DA:311,0
DA:312,0
DA:314,0
DA:315,0
DA:316,0
DA:317,0
DA:319,0
DA:320,0
DA:321,0
DA:322,0
DA:323,0
DA:325,0
DA:326,0
DA:327,0
DA:328,0
DA:329,0
DA:331,0
DA:332,0
DA:333,0
DA:334,0
DA:335,0
DA:337,0
DA:338,0
DA:339,0
DA:340,0
DA:341,0
DA:343,0
DA:344,0
DA:345,0
DA:346,0
DA:347,0
DA:349,0
DA:350,0
DA:351,0
DA:352,0
DA:353,0
DA:355,0
DA:356,0
DA:357,0
DA:358,0
DA:359,0
DA:361,0
DA:362,0
DA:363,0
DA:364,0
DA:365,0
DA:367,0
DA:368,0
DA:369,0
DA:370,0
DA:371,0
DA:373,0
DA:374,0
DA:375,0
DA:376,0
DA:377,0
DA:379,0
DA:381,0
DA:382,0
DA:383,0
DA:384,0
DA:386,0
DA:387,0
DA:388,0
DA:389,0
DA:390,0
DA:392,0
DA:394,0
DA:395,0
DA:396,0
DA:397,0
DA:399,0
DA:400,0
DA:401,0
DA:402,0
DA:404,0
DA:405,0
DA:406,0
DA:407,0
DA:408,0
DA:410,0
DA:411,0
DA:412,0
DA:413,0
DA:414,0
DA:416,0
DA:417,0
DA:418,0
DA:419,0
DA:420,0
DA:422,0
DA:423,0
DA:424,0
DA:425,0
DA:427,0
DA:428,0
DA:429,0
DA:430,0
LF:181
LH:0
end_of_record
SF:C:\src\win32\lib\src\com\IProvideClassInfo.dart
DA:34,2
DA:36,0
DA:37,0
DA:38,0
DA:39,0
LF:5
LH:1
end_of_record
SF:C:\src\win32\lib\src\com\IRunningObjectTable.dart
DA:61,2
DA:63,0
DA:65,0
DA:66,0
DA:67,0
DA:68,0
DA:70,0
DA:71,0
DA:72,0
DA:73,0
DA:75,0
DA:76,0
DA:77,0
DA:78,0
DA:80,0
DA:81,0
DA:82,0
DA:83,0
DA:84,0
DA:86,0
DA:87,0
DA:88,0
DA:89,0
DA:90,0
DA:92,0
DA:93,0
DA:94,0
DA:95,0
DA:96,0
DA:98,0
DA:99,0
DA:100,0
DA:101,0
LF:33
LH:1
end_of_record
SF:C:\src\win32\lib\src\com\ISequentialStream.dart
DA:40,4
DA:42,0
DA:43,0
DA:44,0
DA:45,0
DA:47,0
DA:48,0
DA:49,0
DA:50,0
LF:9
LH:1
end_of_record
SF:C:\src\win32\lib\src\com\IShellFolder.dart
DA:126,2
DA:128,0
DA:135,0
DA:136,0
DA:137,0
DA:140,0
DA:141,0
DA:142,0
DA:143,0
DA:144,0
DA:146,0
DA:148,0
DA:149,0
DA:150,0
DA:151,0
DA:153,0
DA:155,0
DA:156,0
DA:157,0
DA:158,0
DA:160,0
DA:162,0
DA:163,0
DA:164,0
DA:166,0
DA:168,0
DA:169,0
DA:170,0
DA:171,0
DA:173,0
DA:175,0
DA:176,0
DA:177,0
DA:178,0
DA:180,0
DA:187,0
DA:188,0
DA:189,0
DA:190,0
DA:192,0
DA:194,0
DA:195,0
DA:196,0
DA:197,0
DA:199,0
DA:201,0
DA:202,0
DA:203,0
DA:204,0
LF:49
LH:1
end_of_record
SF:C:\src\win32\lib\src\com\IShellItem.dart
DA:56,4
DA:58,0
DA:60,0
DA:61,0
DA:62,0
DA:63,0
DA:65,0
DA:66,0
DA:67,0
DA:68,0
DA:70,0
DA:71,0
DA:72,0
DA:73,0
DA:74,0
DA:76,0
DA:77,0
DA:78,0
DA:79,0
DA:80,0
DA:82,0
DA:83,0
DA:84,0
DA:85,0
DA:90,0
DA:92,0
DA:94,0
DA:95,0
DA:98,0
DA:100,0
DA:102,0
DA:104,0
DA:105,0
LF:33
LH:1
end_of_record
SF:C:\src\win32\lib\src\com\IShellItem2.dart
DA:111,2
DA:113,0
DA:114,0
DA:115,0
DA:116,0
DA:117,0
DA:119,0
DA:121,0
DA:123,0
DA:124,0
DA:126,0
DA:127,0
DA:128,0
DA:130,0
DA:132,0
DA:133,0
DA:134,0
DA:135,0
DA:137,0
DA:139,0
DA:140,0
DA:141,0
DA:142,0
DA:144,0
DA:145,0
DA:146,0
DA:147,0
DA:149,0
DA:150,0
DA:151,0
DA:152,0
DA:154,0
DA:155,0
DA:156,0
DA:157,0
DA:159,0
DA:160,0
DA:161,0
DA:162,0
DA:164,0
DA:165,0
DA:166,0
DA:167,0
DA:169,0
DA:170,0
DA:171,0
DA:172,0
DA:174,0
DA:175,0
DA:176,0
DA:177,0
DA:179,0
DA:180,0
DA:181,0
DA:182,0
DA:184,0
DA:185,0
DA:186,0
DA:187,0
LF:59
LH:1
end_of_record
SF:C:\src\win32\lib\src\com\IShellItemArray.dart
DA:64,2
DA:66,0
DA:68,0
DA:69,0
DA:70,0
DA:71,0
DA:73,0
DA:74,0
DA:75,0
DA:76,0
DA:77,0
DA:79,0
DA:81,0
DA:82,0
DA:83,0
DA:84,0
DA:86,0
DA:88,0
DA:89,0
DA:90,0
DA:91,0
DA:93,0
DA:94,0
DA:95,0
DA:96,0
DA:98,0
DA:99,0
DA:100,0
DA:101,0
DA:103,0
DA:104,0
DA:105,0
DA:106,0
LF:33
LH:1
end_of_record
SF:C:\src\win32\lib\src\com\IShellItemFilter.dart
DA:38,2
DA:40,0
DA:41,0
DA:42,0
DA:43,0
DA:45,0
DA:46,0
DA:47,0
DA:48,0
DA:49,0
LF:10
LH:1
end_of_record
SF:C:\src\win32\lib\src\com\ISpellChecker.dart
DA:94,4
DA:96,0
DA:100,0
DA:101,0
DA:102,0
DA:103,0
DA:105,0
DA:108,0
DA:112,1
DA:113,1
DA:114,3
DA:115,3
DA:117,0
DA:118,0
DA:119,0
DA:120,0
DA:122,0
DA:123,0
DA:124,0
DA:125,0
DA:127,0
DA:128,0
DA:129,0
DA:130,0
DA:132,0
DA:133,0
DA:134,0
DA:135,0
DA:137,0
DA:138,0
DA:139,0
DA:140,0
DA:142,0
DA:146,0
DA:147,0
DA:148,0
DA:149,0
DA:151,0
DA:154,0
DA:158,0
DA:162,0
DA:163,0
DA:164,0
DA:165,0
DA:167,0
DA:170,0
DA:174,0
DA:178,0
DA:179,0
DA:180,0
DA:181,0
DA:183,0
DA:186,0
DA:190,0
DA:191,0
DA:192,0
DA:193,0
DA:194,0
DA:196,0
DA:197,0
DA:198,0
DA:199,0
DA:200,0
DA:202,0
DA:203,0
DA:204,0
DA:205,0
DA:206,0
DA:208,0
DA:209,0
DA:210,0
DA:211,0
LF:72
LH:5
end_of_record
SF:C:\src\win32\lib\src\com\ISpellCheckerChangedEventHandler.dart
DA:34,2
DA:36,0
DA:37,0
DA:38,0
DA:39,0
LF:5
LH:1
end_of_record
SF:C:\src\win32\lib\src\com\ISpellCheckerFactory.dart
DA:48,4
DA:50,0
DA:55,0
DA:56,0
DA:57,0
DA:58,0
DA:59,0
DA:61,0
DA:64,0
DA:68,1
DA:69,1
DA:70,3
DA:71,3
DA:73,1
DA:74,1
DA:75,3
DA:76,1
DA:77,2
DA:82,2
DA:84,1
DA:86,1
DA:87,1
DA:90,3
DA:92,1
DA:94,1
DA:96,1
DA:97,1
LF:27
LH:19
end_of_record
SF:C:\src\win32\lib\src\com\ISpellingError.dart
DA:47,4
DA:49,0
DA:53,0
DA:54,0
DA:55,0
DA:56,0
DA:58,0
DA:61,0
DA:65,0
DA:69,0
DA:70,0
DA:71,0
DA:72,0
DA:74,0
DA:77,0
DA:81,1
DA:86,1
DA:87,3
DA:88,1
DA:89,2
DA:90,1
DA:92,1
DA:95,1
DA:99,1
DA:103,1
DA:104,3
DA:105,3
DA:106,1
DA:108,1
DA:111,1
LF:30
LH:16
end_of_record
SF:C:\src\win32\lib\src\com\IStream.dart
DA:67,2
DA:69,0
DA:70,0
DA:71,0
DA:72,0
DA:73,0
DA:75,0
DA:76,0
DA:77,0
DA:78,0
DA:80,0
DA:82,0
DA:83,0
DA:84,0
DA:85,0
DA:87,0
DA:88,0
DA:89,0
DA:90,0
DA:92,0
DA:93,0
DA:94,0
DA:96,0
DA:97,0
DA:98,0
DA:99,0
DA:100,0
DA:102,0
DA:103,0
DA:104,0
DA:105,0
DA:106,0
DA:108,0
DA:109,0
DA:110,0
DA:111,0
DA:113,0
DA:114,0
DA:115,0
DA:116,0
LF:40
LH:1
end_of_record
SF:C:\src\win32\lib\src\com\ISupportErrorInfo.dart
DA:35,2
DA:37,0
DA:38,0
DA:39,0
DA:40,0
LF:5
LH:1
end_of_record
SF:C:\src\win32\lib\src\com\ITypeInfo.dart
DA:166,2
DA:168,0
DA:169,0
DA:170,0
DA:171,0
DA:173,0
DA:174,0
DA:175,0
DA:176,0
DA:178,0
DA:179,0
DA:180,0
DA:181,0
DA:183,0
DA:184,0
DA:185,0
DA:186,0
DA:188,0
DA:190,0
DA:191,0
DA:192,0
DA:193,0
DA:195,0
DA:196,0
DA:197,0
DA:198,0
DA:199,0
DA:201,0
DA:202,0
DA:203,0
DA:204,0
DA:205,0
DA:207,0
DA:209,0
DA:210,0
DA:211,0
DA:212,0
DA:214,0
DA:222,0
DA:223,0
DA:224,0
DA:227,0
DA:233,0
DA:234,0
DA:235,0
DA:238,0
DA:240,0
DA:241,0
DA:242,0
DA:243,0
DA:245,0
DA:246,0
DA:247,0
DA:248,0
DA:249,0
DA:251,0
DA:252,0
DA:253,0
DA:254,0
DA:255,0
DA:257,0
DA:259,0
DA:260,0
DA:261,0
DA:262,0
DA:264,0
DA:265,0
DA:266,0
DA:267,0
DA:269,0
DA:270,0
DA:271,0
DA:272,0
DA:273,0
DA:275,0
DA:276,0
DA:277,0
DA:278,0
DA:280,0
DA:281,0
DA:282,0
DA:283,0
DA:285,0
DA:286,0
DA:287,0
DA:288,0
LF:86
LH:1
end_of_record
SF:C:\src\win32\lib\src\com\IUri.dart
DA:150,2
DA:152,0
DA:154,0
DA:155,0
DA:156,0
DA:157,0
DA:159,0
DA:161,0
DA:162,0
DA:163,0
DA:164,0
DA:166,0
DA:167,0
DA:168,0
DA:169,0
DA:170,0
DA:172,0
DA:173,0
DA:174,0
DA:175,0
DA:176,0
DA:178,0
DA:179,0
DA:180,0
DA:181,0
DA:183,0
DA:184,0
DA:185,0
DA:186,0
DA:188,0
DA:189,0
DA:190,0
DA:191,0
DA:192,0
DA:194,0
DA:195,0
DA:196,0
DA:197,0
DA:199,0
DA:200,0
DA:201,0
DA:202,0
DA:204,0
DA:205,0
DA:206,0
DA:207,0
DA:209,0
DA:210,0
DA:211,0
DA:212,0
DA:214,0
DA:215,0
DA:216,0
DA:217,0
DA:219,0
DA:220,0
DA:221,0
DA:222,0
DA:224,0
DA:225,0
DA:226,0
DA:227,0
DA:228,0
DA:230,0
DA:231,0
DA:232,0
DA:233,0
DA:235,0
DA:236,0
DA:237,0
DA:238,0
DA:240,0
DA:241,0
DA:242,0
DA:243,0
DA:245,0
DA:246,0
DA:247,0
DA:248,0
DA:250,0
DA:251,0
DA:252,0
DA:253,0
DA:255,0
DA:256,0
DA:257,0
DA:258,0
DA:260,0
DA:261,0
DA:262,0
DA:263,0
DA:265,0
DA:266,0
DA:267,0
DA:268,0
DA:270,0
DA:271,0
DA:272,0
DA:273,0
DA:275,0
DA:276,0
DA:277,0
DA:278,0
DA:280,0
DA:281,0
DA:282,0
DA:283,0
LF:107
LH:1
end_of_record
SF:C:\src\win32\lib\src\com\IUserDataPathsStatics.dart
DA:41,0
DA:43,0
DA:44,0
DA:45,0
DA:46,0
DA:48,0
DA:49,0
DA:50,0
DA:51,0
LF:9
LH:0
end_of_record
SF:C:\src\win32\lib\src\com\IVirtualDesktopManager.dart
DA:48,2
DA:50,0
DA:52,0
DA:55,0
DA:56,0
DA:57,0
DA:59,0
DA:60,0
DA:61,0
DA:62,0
DA:63,0
DA:65,0
DA:66,0
DA:67,0
DA:68,0
DA:69,0
DA:74,0
DA:76,0
DA:78,0
DA:79,0
DA:82,0
DA:84,0
DA:86,0
DA:88,0
DA:89,0
LF:25
LH:1
end_of_record
SF:C:\src\win32\lib\src\com\IWbemClassObject.dart
DA:187,2
DA:189,0
DA:190,0
DA:191,0
DA:192,0
DA:194,0
DA:196,0
DA:197,0
DA:198,0
DA:199,0
DA:201,0
DA:203,0
DA:204,0
DA:205,0
DA:207,0
DA:208,0
DA:209,0
DA:210,0
DA:212,0
DA:214,0
DA:215,0
DA:216,0
DA:217,0
DA:219,0
DA:220,0
DA:221,0
DA:222,0
DA:224,0
DA:226,0
DA:227,0
DA:228,0
DA:229,0
DA:231,0
DA:232,0
DA:233,0
DA:234,0
DA:236,0
DA:238,0
DA:239,0
DA:240,0
DA:241,0
DA:243,0
DA:244,0
DA:245,0
DA:246,0
DA:248,0
DA:249,0
DA:250,0
DA:251,0
DA:252,0
DA:254,0
DA:255,0
DA:256,0
DA:257,0
DA:258,0
DA:260,0
DA:261,0
DA:262,0
DA:263,0
DA:264,0
DA:266,0
DA:267,0
DA:268,0
DA:269,0
DA:271,0
DA:273,0
DA:274,0
DA:275,0
DA:276,0
DA:278,0
DA:279,0
DA:280,0
DA:281,0
DA:283,0
DA:285,0
DA:286,0
DA:287,0
DA:288,0
DA:290,0
DA:292,0
DA:293,0
DA:294,0
DA:295,0
DA:297,0
DA:298,0
DA:299,0
DA:300,0
DA:302,0
DA:303,0
DA:304,0
DA:305,0
DA:306,0
DA:308,0
DA:310,0
DA:311,0
DA:312,0
DA:313,0
DA:315,0
DA:316,0
DA:317,0
DA:318,0
DA:320,0
DA:322,0
DA:323,0
DA:324,0
DA:325,0
DA:327,0
DA:329,0
DA:330,0
DA:331,0
DA:332,0
DA:337,0
DA:339,0
DA:341,0
DA:342,0
DA:345,0
DA:347,0
DA:349,0
DA:351,0
DA:352,0
LF:120
LH:1
end_of_record
SF:C:\src\win32\lib\src\com\IWbemContext.dart
DA:70,2
DA:72,0
DA:73,0
DA:74,0
DA:75,0
DA:77,0
DA:78,0
DA:79,0
DA:80,0
DA:82,0
DA:83,0
DA:84,0
DA:85,0
DA:87,0
DA:89,0
DA:90,0
DA:91,0
DA:93,0
DA:94,0
DA:95,0
DA:96,0
DA:98,0
DA:99,0
DA:100,0
DA:101,0
DA:102,0
DA:104,0
DA:105,0
DA:106,0
DA:107,0
DA:108,0
DA:110,0
DA:111,0
DA:112,0
DA:113,0
DA:115,0
DA:116,0
DA:117,0
DA:122,0
DA:124,0
DA:126,0
DA:127,0
DA:130,0
DA:132,0
DA:134,0
DA:136,0
DA:137,0
LF:47
LH:1
end_of_record
SF:C:\src\win32\lib\src\com\IWbemLocator.dart
DA:54,2
DA:56,0
DA:65,0
DA:66,0
DA:67,0
DA:68,0
DA:81,0
DA:83,0
DA:85,0
DA:86,0
DA:89,0
DA:91,0
DA:93,0
DA:95,0
DA:96,0
LF:15
LH:1
end_of_record
SF:C:\src\win32\lib\src\com\IWbemServices.dart
DA:297,2
DA:299,0
DA:301,0
DA:302,0
DA:303,0
DA:306,0
DA:307,0
DA:308,0
DA:309,0
DA:311,0
DA:312,0
DA:313,0
DA:314,0
DA:315,0
DA:317,0
DA:319,0
DA:320,0
DA:321,0
DA:322,0
DA:324,0
DA:326,0
DA:327,0
DA:328,0
DA:329,0
DA:331,0
DA:333,0
DA:334,0
DA:335,0
DA:336,0
DA:338,0
DA:340,0
DA:341,0
DA:342,0
DA:343,0
DA:345,0
DA:347,0
DA:348,0
DA:349,0
DA:350,0
DA:352,0
DA:354,0
DA:355,0
DA:356,0
DA:357,0
DA:359,0
DA:361,0
DA:362,0
DA:363,0
DA:364,0
DA:366,0
DA:368,0
DA:369,0
DA:370,0
DA:371,0
DA:373,0
DA:375,0
DA:376,0
DA:377,0
DA:378,0
DA:380,0
DA:382,0
DA:383,0
DA:384,0
DA:385,0
DA:387,0
DA:389,0
DA:390,0
DA:391,0
DA:392,0
DA:394,0
DA:396,0
DA:397,0
DA:398,0
DA:399,0
DA:401,0
DA:403,0
DA:404,0
DA:405,0
DA:406,0
DA:408,0
DA:410,0
DA:411,0
DA:412,0
DA:413,0
DA:415,0
DA:417,0
DA:418,0
DA:419,0
DA:420,0
DA:422,0
DA:424,0
DA:425,0
DA:426,0
DA:429,0
DA:435,0
DA:436,0
DA:437,0
DA:438,0
DA:440,0
DA:446,0
DA:447,0
DA:448,0
DA:451,0
DA:459,0
DA:460,0
DA:461,0
DA:464,0
DA:471,0
DA:472,0
DA:473,0
DA:474,0
LF:111
LH:1
end_of_record
SF:C:\src\win32\lib\src\com\UserDataPaths.dart
DA:104,0
DA:106,0
DA:110,0
DA:111,0
DA:112,0
DA:113,0
DA:115,0
DA:118,0
DA:122,0
DA:126,0
DA:127,0
DA:128,0
DA:129,0
DA:131,0
DA:134,0
DA:138,0
DA:142,0
DA:143,0
DA:144,0
DA:145,0
DA:147,0
DA:150,0
DA:154,0
DA:158,0
DA:159,0
DA:160,0
DA:161,0
DA:163,0
DA:166,0
DA:170,0
DA:174,0
DA:175,0
DA:176,0
DA:177,0
DA:179,0
DA:182,0
DA:186,0
DA:190,0
DA:191,0
DA:192,0
DA:193,0
DA:195,0
DA:198,0
DA:202,0
DA:206,0
DA:207,0
DA:208,0
DA:209,0
DA:211,0
DA:214,0
DA:218,0
DA:222,0
DA:223,0
DA:224,0
DA:225,0
DA:227,0
DA:230,0
DA:234,0
DA:238,0
DA:239,0
DA:240,0
DA:241,0
DA:243,0
DA:246,0
DA:250,0
DA:255,0
DA:256,0
DA:257,0
DA:258,0
DA:259,0
DA:261,0
DA:264,0
DA:268,0
DA:272,0
DA:273,0
DA:274,0
DA:275,0
DA:277,0
DA:280,0
DA:284,0
DA:288,0
DA:289,0
DA:290,0
DA:291,0
DA:293,0
DA:296,0
DA:300,0
DA:304,0
DA:305,0
DA:306,0
DA:307,0
DA:309,0
DA:312,0
DA:316,0
DA:320,0
DA:321,0
DA:322,0
DA:323,0
DA:325,0
DA:328,0
DA:332,0
DA:337,0
DA:338,0
DA:339,0
DA:340,0
DA:341,0
DA:343,0
DA:346,0
DA:350,0
DA:354,0
DA:355,0
DA:356,0
DA:357,0
DA:359,0
DA:362,0
DA:366,0
DA:370,0
DA:371,0
DA:372,0
DA:373,0
DA:375,0
DA:378,0
DA:382,0
DA:386,0
DA:387,0
DA:388,0
DA:389,0
DA:391,0
DA:394,0
DA:398,0
DA:402,0
DA:403,0
DA:404,0
DA:405,0
DA:407,0
DA:410,0
DA:414,0
DA:415,0
DA:417,0
DA:422,0
DA:423,0
DA:424,0
DA:425,0
DA:427,0
DA:428,0
DA:429,0
DA:430,0
DA:432,0
DA:434,0
DA:435,0
DA:436,0
DA:437,0
DA:438,0
DA:442,0
DA:443,0
DA:445,0
DA:450,0
DA:451,0
DA:452,0
DA:453,0
DA:455,0
DA:456,0
DA:457,0
DA:458,0
DA:460,0
DA:462,0
DA:463,0
DA:464,0
DA:465,0
DA:466,0
LF:170
LH:0
end_of_record
SF:C:\src\win32\lib\src\winrt\winrt_helpers.dart
DA:26,4
DA:30,4
DA:34,5
DA:38,10
DA:39,5
DA:43,5
DA:53,4
DA:55,4
DA:58,8
DA:59,4
DA:60,0
DA:65,4
DA:76,2
DA:78,2
DA:82,2
DA:83,2
DA:87,4
DA:88,2
DA:89,0
DA:93,6
DA:94,2
DA:95,0
DA:99,2
DA:100,2
DA:101,0
DA:105,2
DA:106,2
DA:107,2
DA:108,0
DA:112,2
DA:114,2
DA:115,2
DA:116,2
DA:117,2
DA:118,2
DA:119,2
LF:36
LH:31
end_of_record
SF:C:\src\win32\lib\src\comctl32.dart
DA:20,0
DA:34,0
DA:36,0
DA:41,0
DA:54,0
DA:55,0
DA:59,0
DA:81,0
DA:90,0
DA:109,0
DA:128,0
DA:133,0
DA:144,0
LF:13
LH:0
end_of_record
SF:C:\src\win32\lib\src\comdlg32.dart
DA:20,0
DA:30,0
DA:31,0
DA:34,0
DA:48,0
DA:49,0
DA:52,0
DA:65,0
DA:66,0
DA:69,0
DA:81,0
DA:82,0
DA:85,0
DA:97,0
DA:98,0
DA:101,0
DA:114,0
DA:115,0
DA:118,0
LF:19
LH:0
end_of_record
SF:C:\src\win32\lib\src\constants_nodoc.dart
DA:754,3
DA:755,3
DA:756,0
DA:757,0
DA:758,0
DA:759,0
DA:760,0
DA:761,0
DA:762,0
DA:763,0
DA:764,0
DA:765,0
DA:766,0
DA:767,0
DA:768,0
DA:769,0
DA:770,0
DA:771,0
DA:772,3
DA:773,0
DA:774,0
DA:775,0
DA:778,0
DA:779,0
DA:780,0
DA:781,0
DA:782,0
DA:988,0
DA:989,0
DA:990,0
DA:991,0
LF:31
LH:3
end_of_record
SF:C:\src\win32\lib\src\dbghelp.dart
DA:20,0
DA:29,0
DA:30,0
DA:32,0
DA:47,0
DA:53,0
DA:66,0
DA:81,0
DA:83,0
DA:88,0
DA:102,0
DA:104,0
DA:109,0
DA:120,0
DA:121,0
DA:124,0
DA:137,0
DA:139,0
DA:144,0
DA:161,0
DA:170,0
DA:189,0
DA:202,0
DA:203,0
DA:206,0
DA:217,0
DA:218,0
DA:221,0
DA:232,0
DA:233,0
DA:236,0
DA:248,0
DA:249,0
DA:252,0
DA:265,0
DA:266,0
DA:270,0
DA:284,0
DA:285,0
DA:289,0
DA:301,0
DA:302,0
DA:306,0
DA:318,0
DA:319,0
DA:322,0
DA:334,0
DA:335,0
DA:338,0
DA:352,0
DA:354,0
DA:359,0
LF:52
LH:0
end_of_record
SF:C:\src\win32\lib\src\dxva2.dart
DA:20,0
DA:32,0
DA:33,0
DA:36,0
DA:51,0
DA:53,0
DA:59,0
DA:75,0
DA:80,0
DA:91,0
DA:107,0
DA:109,0
DA:117,0
DA:130,0
DA:132,0
DA:138,0
DA:152,0
DA:154,0
DA:165,0
DA:182,0
DA:188,0
DA:201,0
DA:217,0
DA:223,0
DA:237,0
DA:257,0
DA:263,0
DA:276,0
DA:292,0
DA:298,0
DA:311,0
DA:324,0
DA:326,0
DA:332,0
DA:346,0
DA:348,0
DA:354,0
DA:369,0
DA:373,0
DA:379,0
DA:392,0
DA:393,0
DA:396,0
DA:410,0
DA:411,0
DA:414,0
DA:426,0
DA:427,0
DA:431,0
DA:443,0
DA:444,0
DA:447,0
DA:465,0
DA:467,0
DA:472,0
DA:486,0
DA:488,0
DA:493,0
DA:507,0
DA:509,0
DA:513,0
DA:526,0
DA:527,0
DA:531,0
LF:64
LH:0
end_of_record
SF:C:\src\win32\lib\src\extensions\int_to_hexstring.dart
DA:16,2
DA:17,4
DA:20,2
DA:21,2
DA:22,8
LF:5
LH:5
end_of_record
SF:C:\src\win32\lib\src\kernel32.dart
DA:20,21
DA:35,0
DA:36,0
DA:39,0
DA:51,0
DA:52,0
DA:54,0
DA:63,0
DA:64,0
DA:66,0
DA:77,0
DA:78,0
DA:81,0
DA:95,0
DA:96,0
DA:99,0
DA:112,0
DA:114,0
DA:118,0
DA:130,0
DA:131,0
DA:135,0
DA:146,0
DA:147,0
DA:149,0
DA:160,0
DA:161,0
DA:163,0
DA:176,0
DA:177,0
DA:181,0
DA:195,0
DA:196,0
DA:201,0
DA:212,0
DA:213,0
DA:216,0
DA:231,0
DA:237,0
DA:250,0
DA:265,0
DA:267,0
DA:273,0
DA:295,0
DA:303,0
DA:320,0
DA:347,0
DA:356,0
DA:376,0
DA:392,0
DA:394,0
DA:402,0
DA:423,0
DA:434,0
DA:457,0
DA:482,0
DA:484,0
DA:489,0
DA:502,0
DA:503,0
DA:506,0
DA:517,0
DA:519,0
DA:520,0
DA:533,0
DA:534,0
DA:537,0
DA:548,0
DA:549,0
DA:552,0
DA:563,0
DA:564,0
DA:567,0
DA:578,0
DA:579,0
DA:582,0
DA:595,0
DA:597,0
DA:602,0
DA:615,0
DA:617,0
DA:622,0
DA:639,0
DA:647,0
DA:664,0
DA:683,0
DA:684,0
DA:687,0
DA:700,0
DA:702,0
DA:707,0
DA:721,0
DA:723,0
DA:728,0
DA:744,0
DA:746,0
DA:755,0
DA:776,0
DA:778,0
DA:786,0
DA:805,0
DA:807,0
DA:814,0
DA:825,0
DA:826,0
DA:828,0
DA:841,0
DA:843,0
DA:848,0
DA:864,0
DA:866,0
DA:876,0
DA:893,0
DA:895,0
DA:905,0
DA:920,0
DA:921,0
DA:923,0
DA:934,0
DA:935,0
DA:938,0
DA:955,0
DA:957,0
DA:962,0
DA:976,0
DA:978,0
DA:983,0
DA:996,1
DA:997,1
DA:1001,1
DA:1013,0
DA:1014,0
DA:1017,0
DA:1030,0
DA:1031,0
DA:1035,0
DA:1049,0
DA:1051,0
DA:1056,0
DA:1073,0
DA:1081,0
DA:1098,0
DA:1113,0
DA:1114,0
DA:1119,0
DA:1134,0
DA:1136,0
DA:1141,0
DA:1153,0
DA:1154,0
DA:1157,0
DA:1169,0
DA:1170,0
DA:1173,0
DA:1198,2
DA:1206,2
DA:1223,2
DA:1233,0
DA:1235,0
DA:1236,0
DA:1250,0
DA:1251,0
DA:1254,0
DA:1266,0
DA:1267,0
DA:1270,0
DA:1279,0
DA:1281,0
DA:1283,0
DA:1295,0
DA:1297,0
DA:1302,0
DA:1313,0
DA:1314,0
DA:1316,0
DA:1330,0
DA:1331,0
DA:1335,0
DA:1350,0
DA:1352,0
DA:1357,0
DA:1370,0
DA:1372,0
DA:1378,0
DA:1391,0
DA:1392,0
DA:1396,0
DA:1408,1
DA:1410,1
DA:1416,1
DA:1427,0
DA:1429,0
DA:1434,0
DA:1446,0
DA:1447,0
DA:1451,0
DA:1461,0
DA:1462,0
DA:1464,0
DA:1476,0
DA:1477,0
DA:1480,0
DA:1489,1
DA:1490,1
DA:1492,1
DA:1501,0
DA:1502,0
DA:1504,0
DA:1517,0
DA:1518,0
DA:1522,0
DA:1533,0
DA:1534,0
DA:1538,0
DA:1551,0
DA:1553,0
DA:1558,0
DA:1570,0
DA:1571,0
DA:1575,0
DA:1587,0
DA:1588,0
DA:1591,0
DA:1602,0
DA:1603,0
DA:1605,0
DA:1619,0
DA:1621,0
DA:1626,0
DA:1637,0
DA:1638,0
DA:1641,0
DA:1653,0
DA:1654,0
DA:1658,0
DA:1670,0
DA:1671,0
DA:1674,0
DA:1684,0
DA:1686,0
DA:1688,0
DA:1702,0
DA:1704,0
DA:1709,0
DA:1724,1
DA:1725,1
DA:1729,1
DA:1744,0
DA:1746,0
DA:1751,0
DA:1763,2
DA:1764,2
DA:1767,2
DA:1779,0
DA:1780,0
DA:1784,0
DA:1796,0
DA:1797,0
DA:1801,0
DA:1815,0
DA:1821,0
DA:1834,0
DA:1850,0
DA:1851,0
DA:1854,0
DA:1866,0
DA:1867,0
DA:1871,0
DA:1884,1
DA:1885,1
DA:1888,1
DA:1898,0
DA:1899,0
DA:1901,0
DA:1914,0
DA:1915,0
DA:1919,0
DA:1930,0
DA:1931,0
DA:1934,0
DA:1948,0
DA:1952,0
DA:1957,0
DA:1975,0
DA:1981,0
DA:1994,0
DA:2007,0
DA:2008,0
DA:2011,0
DA:2023,1
DA:2024,1
DA:2027,1
DA:2036,0
DA:2038,0
DA:2040,0
DA:2052,0
DA:2053,0
DA:2057,0
DA:2070,0
DA:2071,0
DA:2074,0
DA:2087,0
DA:2088,0
DA:2091,0
DA:2105,1
DA:2106,1
DA:2110,1
DA:2121,0
DA:2122,0
DA:2125,0
DA:2140,0
DA:2142,0
DA:2147,0
DA:2159,1
DA:2160,1
DA:2163,1
DA:2174,0
DA:2175,0
DA:2177,0
DA:2187,0
DA:2188,0
DA:2190,0
DA:2205,0
DA:2211,0
DA:2224,0
DA:2235,0
DA:2236,0
DA:2238,0
DA:2248,0
DA:2250,0
DA:2252,0
DA:2261,0
DA:2262,0
DA:2264,0
DA:2276,0
DA:2277,0
DA:2281,0
DA:2292,0
DA:2293,0
DA:2297,0
DA:2309,0
DA:2311,0
DA:2318,0
DA:2333,0
DA:2338,0
DA:2350,0
DA:2363,0
DA:2364,0
DA:2367,0
DA:2378,0
DA:2379,0
DA:2381,0
DA:2393,0
DA:2394,0
DA:2396,0
DA:2408,0
DA:2409,0
DA:2411,0
DA:2424,0
DA:2425,0
DA:2427,0
DA:2441,0
DA:2442,0
DA:2445,0
DA:2459,0
DA:2460,0
DA:2463,0
DA:2479,0
DA:2480,0
DA:2485,0
DA:2498,0
DA:2499,0
DA:2501,0
DA:2515,0
DA:2516,0
DA:2519,0
DA:2531,0
DA:2532,0
DA:2534,0
DA:2549,0
DA:2555,0
DA:2568,0
DA:2583,0
DA:2584,0
DA:2589,0
DA:2603,0
DA:2605,0
DA:2613,0
DA:2628,0
DA:2629,0
DA:2632,0
DA:2645,0
DA:2646,0
DA:2648,0
DA:2665,0
DA:2666,0
DA:2669,0
DA:2681,0
DA:2682,0
DA:2685,0
DA:2700,0
DA:2702,0
DA:2707,0
DA:2718,0
DA:2719,0
DA:2721,0
DA:2732,0
DA:2733,0
DA:2736,0
DA:2748,0
DA:2749,0
DA:2752,0
DA:2766,0
DA:2768,0
DA:2773,0
DA:2785,0
DA:2786,0
DA:2789,0
DA:2802,0
DA:2803,0
DA:2806,0
DA:2817,0
DA:2818,0
DA:2820,0
DA:2831,0
DA:2832,0
DA:2835,0
DA:2847,0
DA:2848,0
DA:2853,0
DA:2866,0
DA:2867,0
DA:2872,0
DA:2883,0
DA:2884,0
DA:2887,0
DA:2900,0
DA:2902,0
DA:2911,0
DA:2929,0
DA:2936,0
DA:2951,0
DA:2967,0
DA:2969,0
DA:2974,0
DA:2987,0
DA:2988,0
DA:2992,0
DA:3006,0
DA:3007,0
DA:3010,0
DA:3026,0
DA:3028,0
DA:3041,0
DA:3059,0
DA:3061,0
DA:3074,0
DA:3093,0
DA:3095,0
DA:3100,0
DA:3113,0
DA:3114,0
DA:3116,0
DA:3127,0
DA:3128,0
DA:3131,0
DA:3145,0
DA:3147,0
DA:3152,0
DA:3165,0
DA:3166,0
DA:3169,0
DA:3186,0
DA:3192,0
DA:3205,0
DA:3219,0
DA:3221,0
DA:3226,0
DA:3239,0
DA:3241,0
DA:3247,0
DA:3259,0
DA:3260,0
DA:3264,0
DA:3277,0
DA:3279,0
DA:3284,0
DA:3298,0
DA:3299,0
DA:3302,0
DA:3317,0
DA:3318,0
DA:3322,0
DA:3335,0
DA:3337,0
DA:3342,0
DA:3353,0
DA:3354,0
DA:3357,0
DA:3371,0
DA:3373,0
DA:3381,0
DA:3396,0
DA:3398,0
DA:3406,0
DA:3419,0
DA:3420,0
DA:3423,0
DA:3437,0
DA:3439,0
DA:3444,0
DA:3460,0
DA:3462,0
DA:3467,0
DA:3481,0
DA:3482,0
DA:3486,0
DA:3502,0
DA:3507,0
DA:3518,0
DA:3532,0
DA:3533,0
DA:3537,0
DA:3551,0
DA:3553,0
DA:3558,0
DA:3572,0
DA:3573,0
DA:3576,0
DA:3588,0
DA:3589,0
DA:3593,0
DA:3606,0
DA:3607,0
DA:3610,0
DA:3621,0
DA:3622,0
DA:3625,0
DA:3636,0
DA:3637,0
DA:3642,0
DA:3654,0
DA:3655,0
DA:3657,0
DA:3668,0
DA:3669,0
DA:3672,0
DA:3689,0
DA:3697,0
DA:3714,0
DA:3733,0
DA:3741,0
DA:3758,0
DA:3776,0
DA:3778,0
DA:3783,0
DA:3797,0
DA:3798,0
DA:3802,0
DA:3818,0
DA:3820,0
DA:3825,0
DA:3839,0
DA:3840,0
DA:3844,0
DA:3857,0
DA:3858,0
DA:3861,0
DA:3880,0
DA:3889,0
DA:3908,0
DA:3920,0
DA:3921,0
DA:3924,0
DA:3940,0
DA:3946,0
DA:3959,0
DA:3975,0
DA:3977,0
DA:3990,0
DA:4007,0
DA:4009,0
DA:4018,0
LF:583
LH:31
end_of_record
SF:C:\src\win32\lib\src\extensions\dialogs.dart
DA:20,1
DA:36,1
DA:41,1
DA:42,1
DA:43,1
DA:44,1
DA:45,1
DA:46,1
DA:47,1
DA:48,1
DA:50,1
DA:57,2
DA:67,1
DA:68,0
DA:69,0
DA:71,1
DA:72,0
DA:73,0
DA:75,2
DA:83,1
DA:84,0
DA:86,5
DA:93,3
DA:94,2
DA:95,5
DA:100,4
DA:101,2
DA:111,1
DA:127,1
DA:131,1
DA:132,1
DA:133,1
DA:134,1
DA:135,1
DA:136,1
DA:137,1
DA:138,1
DA:139,1
DA:155,1
DA:156,1
DA:157,4
DA:159,2
DA:160,2
DA:165,5
DA:171,1
DA:172,0
DA:175,0
DA:176,0
DA:177,0
DA:178,0
DA:180,2
DA:184,4
DA:185,2
LF:53
LH:43
end_of_record
SF:C:\src\win32\lib\src\extensions\set_string.dart
DA:16,1
DA:17,1
DA:19,1
DA:20,3
DA:22,1
DA:23,2
DA:24,3
LF:7
LH:7
end_of_record
SF:C:\src\win32\lib\src\extensions\list_to_blob.dart
DA:14,1
DA:15,1
DA:16,2
DA:17,1
LF:4
LH:4
end_of_record
SF:C:\src\win32\lib\src\extensions\set_ansi.dart
DA:19,1
DA:20,2
DA:21,3
DA:22,3
DA:24,2
DA:25,1
LF:6
LH:6
end_of_record
SF:C:\src\win32\lib\src\extensions\unpack_utf16.dart
DA:13,0
DA:15,0
DA:17,0
DA:18,0
DA:22,0
DA:27,1
DA:28,1
DA:29,1
DA:30,2
DA:32,2
DA:33,1
DA:34,1
DA:35,1
DA:37,2
DA:38,3
DA:41,1
LF:16
LH:11
end_of_record
SF:C:\src\win32\lib\src\gdi32.dart
DA:20,3
DA:32,0
DA:33,0
DA:36,0
DA:51,0
DA:52,0
DA:56,0
DA:76,0
DA:78,0
DA:83,0
DA:98,0
DA:100,0
DA:105,0
DA:124,0
DA:126,0
DA:131,0
DA:150,0
DA:152,0
DA:157,0
DA:169,0
DA:171,0
DA:173,0
DA:194,0
DA:196,0
DA:201,0
DA:213,0
DA:215,0
DA:217,0
DA:239,0
DA:241,0
DA:246,0
DA:256,0
DA:258,0
DA:260,0
DA:274,0
DA:275,0
DA:278,0
DA:290,0
DA:292,0
DA:294,0
DA:309,0
DA:311,0
DA:316,0
DA:333,0
DA:335,0
DA:350,0
DA:363,0
DA:364,0
DA:367,0
DA:381,0
DA:382,0
DA:385,0
DA:398,0
DA:399,0
DA:402,0
DA:414,0
DA:416,0
DA:418,0
DA:431,0
DA:432,0
DA:435,0
DA:450,0
DA:451,0
DA:454,0
DA:466,0
DA:467,0
DA:469,0
DA:480,0
DA:482,0
DA:484,0
DA:498,0
DA:500,0
DA:502,0
DA:518,0
DA:519,0
DA:523,0
DA:540,0
DA:541,0
DA:546,0
DA:558,0
DA:560,0
DA:562,0
DA:580,0
DA:586,0
DA:599,0
DA:615,0
DA:617,0
DA:622,0
DA:642,0
DA:644,0
DA:656,0
DA:675,0
DA:677,0
DA:682,0
DA:696,0
DA:697,0
DA:700,0
DA:714,0
DA:715,0
DA:718,0
DA:730,1
DA:732,1
DA:734,1
DA:747,0
DA:748,0
DA:751,0
DA:765,0
DA:766,0
DA:769,0
DA:784,0
DA:785,0
DA:788,0
DA:809,0
DA:811,0
DA:816,0
DA:829,0
DA:830,0
DA:833,0
DA:846,0
DA:847,0
DA:850,0
DA:864,0
DA:865,0
DA:870,0
DA:886,0
DA:887,0
DA:890,0
DA:904,0
DA:905,0
DA:908,0
DA:921,0
DA:922,0
DA:925,0
DA:942,0
DA:943,0
DA:948,0
DA:963,0
DA:964,0
DA:969,0
DA:983,0
DA:984,0
DA:987,0
DA:1003,0
DA:1004,0
DA:1009,0
DA:1022,0
DA:1023,0
DA:1026,0
DA:1045,0
DA:1047,0
DA:1052,0
DA:1066,0
DA:1068,0
DA:1070,0
DA:1084,0
DA:1085,0
DA:1088,0
DA:1102,0
DA:1103,0
DA:1106,0
DA:1120,0
DA:1121,0
DA:1124,0
DA:1139,0
DA:1140,0
DA:1143,0
DA:1158,0
DA:1159,0
DA:1162,0
DA:1175,0
DA:1176,0
DA:1179,0
DA:1192,0
DA:1193,0
DA:1196,0
DA:1211,0
DA:1212,0
DA:1216,0
DA:1231,0
DA:1232,0
DA:1236,0
DA:1251,0
DA:1252,0
DA:1256,0
DA:1281,0
DA:1283,0
DA:1308,0
DA:1338,0
DA:1352,0
DA:1381,0
DA:1399,0
DA:1400,0
DA:1405,0
LF:193
LH:4
end_of_record
SF:C:\src\win32\lib\src\kernelbase.dart
DA:20,0
DA:32,0
DA:33,0
DA:37,0
DA:49,0
DA:50,0
DA:53,0
LF:7
LH:0
end_of_record
SF:C:\src\win32\lib\src\user32.dart
DA:20,3
DA:34,0
DA:35,0
DA:38,0
DA:50,0
DA:51,0
DA:54,0
DA:70,0
DA:71,0
DA:75,0
DA:92,0
DA:94,0
DA:99,0
DA:117,0
DA:119,0
DA:124,0
DA:137,0
DA:138,0
DA:141,0
DA:156,0
DA:157,0
DA:160,0
DA:171,0
DA:173,0
DA:174,0
DA:190,0
DA:192,0
DA:197,0
DA:209,0
DA:210,0
DA:214,0
DA:226,0
DA:227,0
DA:230,0
DA:244,0
DA:245,0
DA:249,0
DA:261,0
DA:262,0
DA:265,0
DA:278,0
DA:279,0
DA:282,0
DA:292,0
DA:293,0
DA:295,0
DA:309,0
DA:310,0
DA:312,0
DA:329,0
DA:331,0
DA:336,0
DA:354,0
DA:356,0
DA:361,0
DA:382,0
DA:388,0
DA:401,0
DA:418,0
DA:419,0
DA:422,0
DA:438,0
DA:439,0
DA:443,0
DA:458,0
DA:460,0
DA:465,0
DA:480,0
DA:482,0
DA:487,0
DA:499,0
DA:500,0
DA:503,0
DA:516,0
DA:517,0
DA:521,0
DA:537,0
DA:539,0
DA:544,0
DA:558,0
DA:559,0
DA:562,0
DA:577,0
DA:579,0
DA:585,0
DA:599,0
DA:600,0
DA:603,0
DA:619,0
DA:621,0
DA:626,0
DA:641,0
DA:642,0
DA:645,0
DA:661,0
DA:662,0
DA:665,0
DA:678,0
DA:679,0
DA:682,0
DA:696,0
DA:697,0
DA:700,0
DA:709,0
DA:710,0
DA:712,0
DA:723,0
DA:724,0
DA:727,0
DA:739,0
DA:740,0
DA:743,0
DA:754,0
DA:755,0
DA:757,0
DA:772,0
DA:774,0
DA:779,0
DA:790,0
DA:791,0
DA:793,0
DA:810,0
DA:811,0
DA:814,0
DA:827,0
DA:828,0
DA:831,0
DA:841,0
DA:843,0
DA:845,0
DA:857,0
DA:858,0
DA:862,0
DA:882,0
DA:889,0
DA:904,0
DA:927,0
DA:936,0
DA:955,0
DA:975,0
DA:981,0
DA:994,0
DA:1015,0
DA:1026,0
DA:1049,0
DA:1061,0
DA:1063,0
DA:1064,0
DA:1089,0
DA:1102,0
DA:1129,0
DA:1145,0
DA:1147,0
DA:1152,0
DA:1174,0
DA:1176,0
DA:1181,0
DA:1200,0
DA:1201,0
DA:1205,0
DA:1222,0
DA:1223,0
DA:1227,0
DA:1242,0
DA:1243,0
DA:1246,0
DA:1258,0
DA:1259,0
DA:1261,0
DA:1272,0
DA:1273,0
DA:1275,0
DA:1287,0
DA:1288,0
DA:1290,0
DA:1306,0
DA:1307,0
DA:1309,0
DA:1328,0
DA:1334,0
DA:1347,0
DA:1360,0
DA:1362,0
DA:1364,0
DA:1376,0
DA:1377,0
DA:1380,0
DA:1393,0
DA:1394,0
DA:1397,0
DA:1411,0
DA:1412,0
DA:1417,0
DA:1431,0
DA:1432,0
DA:1435,0
DA:1452,0
DA:1454,0
DA:1459,0
DA:1476,0
DA:1478,0
DA:1488,0
DA:1499,0
DA:1500,0
DA:1502,0
DA:1515,0
DA:1516,0
DA:1520,0
DA:1533,0
DA:1534,0
DA:1537,0
DA:1551,0
DA:1552,0
DA:1555,0
DA:1570,0
DA:1571,0
DA:1574,0
DA:1586,0
DA:1587,0
DA:1590,0
DA:1603,0
DA:1604,0
DA:1607,0
DA:1616,0
DA:1618,0
DA:1619,0
DA:1633,0
DA:1634,0
DA:1637,0
DA:1654,0
DA:1656,0
DA:1663,0
DA:1674,0
DA:1675,0
DA:1678,0
DA:1693,0
DA:1695,0
DA:1700,0
DA:1720,0
DA:1722,0
DA:1730,0
DA:1746,0
DA:1748,0
DA:1755,0
DA:1770,0
DA:1772,0
DA:1777,0
DA:1791,0
DA:1792,0
DA:1795,0
DA:1809,0
DA:1810,0
DA:1813,0
DA:1828,0
DA:1829,0
DA:1832,0
DA:1846,0
DA:1847,0
DA:1851,0
DA:1868,0
DA:1870,0
DA:1875,0
DA:1890,0
DA:1891,0
DA:1894,0
DA:1904,0
DA:1905,0
DA:1907,0
DA:1919,0
DA:1920,0
DA:1923,0
DA:1936,0
DA:1937,0
DA:1939,0
DA:1950,0
DA:1951,0
DA:1954,0
DA:1965,0
DA:1967,0
DA:1968,0
DA:1978,0
DA:1979,0
DA:1981,0
DA:1992,0
DA:1993,0
DA:1996,0
DA:2009,0
DA:2011,0
DA:2016,0
DA:2031,0
DA:2033,0
DA:2038,0
DA:2051,0
DA:2052,0
DA:2055,0
DA:2071,0
DA:2072,0
DA:2075,0
DA:2087,0
DA:2088,0
DA:2091,0
DA:2105,0
DA:2107,0
DA:2112,0
DA:2121,0
DA:2122,0
DA:2124,0
DA:2133,0
DA:2135,0
DA:2137,0
DA:2146,0
DA:2147,0
DA:2149,0
DA:2161,0
DA:2162,0
DA:2165,0
DA:2174,0
DA:2176,0
DA:2177,0
DA:2188,0
DA:2189,0
DA:2192,0
DA:2203,0
DA:2204,0
DA:2207,0
DA:2222,0
DA:2223,0
DA:2225,0
DA:2242,0
DA:2243,0
DA:2246,0
DA:2257,0
DA:2258,0
DA:2260,0
DA:2275,0
DA:2276,0
DA:2278,0
DA:2290,0
DA:2291,0
DA:2294,0
DA:2307,0
DA:2308,0
DA:2311,0
DA:2322,0
DA:2323,0
DA:2327,0
DA:2339,0
DA:2340,0
DA:2343,0
DA:2358,0
DA:2360,0
DA:2365,0
DA:2379,0
DA:2381,0
DA:2386,0
DA:2400,0
DA:2401,0
DA:2403,0
DA:2412,0
DA:2413,0
DA:2415,0
DA:2426,0
DA:2427,0
DA:2429,0
DA:2441,0
DA:2442,0
DA:2445,0
DA:2455,0
DA:2457,0
DA:2458,0
DA:2470,0
DA:2471,0
DA:2473,0
DA:2490,0
DA:2492,0
DA:2507,0
DA:2522,0
DA:2524,0
DA:2529,0
DA:2542,0
DA:2543,0
DA:2547,0
DA:2559,0
DA:2560,0
DA:2563,0
DA:2575,0
DA:2576,0
DA:2579,0
DA:2589,0
DA:2591,0
DA:2592,0
DA:2604,0
DA:2605,0
DA:2608,0
DA:2622,0
DA:2623,0
DA:2626,0
DA:2638,0
DA:2639,0
DA:2642,0
DA:2653,0
DA:2654,0
DA:2657,0
DA:2668,0
DA:2669,0
DA:2672,0
DA:2685,0
DA:2686,0
DA:2690,0
DA:2703,0
DA:2704,0
DA:2706,0
DA:2717,0
DA:2718,0
DA:2721,0
DA:2735,0
DA:2737,0
DA:2742,0
DA:2753,0
DA:2754,0
DA:2756,0
DA:2768,0
DA:2769,0
DA:2772,0
DA:2783,0
DA:2784,0
DA:2786,0
DA:2800,0
DA:2802,0
DA:2807,0
DA:2821,0
DA:2822,0
DA:2827,0
DA:2842,0
DA:2843,0
DA:2846,0
DA:2862,0
DA:2864,0
DA:2869,0
DA:2885,0
DA:2887,0
DA:2892,0
DA:2903,0
DA:2904,0
DA:2906,0
DA:2916,0
DA:2917,0
DA:2919,0
DA:2932,0
DA:2933,0
DA:2935,0
DA:2948,0
DA:2949,0
DA:2952,0
DA:2968,0
DA:2970,0
DA:2979,0
DA:2993,0
DA:2994,0
DA:2997,0
DA:3011,0
DA:3012,0
DA:3015,0
DA:3025,0
DA:3027,0
DA:3029,0
DA:3040,0
DA:3041,0
DA:3043,0
DA:3054,0
DA:3055,0
DA:3058,0
DA:3070,0
DA:3072,0
DA:3076,0
DA:3086,0
DA:3088,0
DA:3090,0
DA:3105,0
DA:3106,0
DA:3109,0
DA:3123,0
DA:3124,0
DA:3128,0
DA:3143,0
DA:3144,0
DA:3148,0
DA:3157,0
DA:3158,0
DA:3160,0
DA:3173,0
DA:3174,0
DA:3177,0
DA:3190,0
DA:3191,0
DA:3193,0
DA:3205,0
DA:3206,0
DA:3209,0
DA:3223,0
DA:3224,0
DA:3227,0
DA:3240,0
DA:3241,0
DA:3244,0
DA:3256,0
DA:3257,0
DA:3260,0
DA:3273,0
DA:3274,0
DA:3277,0
DA:3296,0
DA:3298,0
DA:3307,0
DA:3319,0
DA:3320,0
DA:3323,0
DA:3332,0
DA:3334,0
DA:3336,0
DA:3345,0
DA:3347,0
DA:3349,0
DA:3361,0
DA:3362,0
DA:3365,0
DA:3378,0
DA:3379,0
DA:3381,0
DA:3396,0
DA:3398,0
DA:3403,0
DA:3416,0
DA:3418,0
DA:3423,0
DA:3440,0
DA:3441,0
DA:3445,0
DA:3461,0
DA:3462,0
DA:3465,0
DA:3481,0
DA:3483,0
DA:3488,0
DA:3502,0
DA:3503,0
DA:3506,0
DA:3521,0
DA:3522,0
DA:3524,0
DA:3537,0
DA:3538,0
DA:3542,0
DA:3552,0
DA:3553,0
DA:3556,0
DA:3566,0
DA:3567,0
DA:3570,0
DA:3582,0
DA:3583,0
DA:3586,0
DA:3600,0
DA:3602,0
DA:3607,0
DA:3619,0
DA:3620,0
DA:3624,0
DA:3638,0
DA:3639,0
DA:3642,0
DA:3658,0
DA:3659,0
DA:3662,0
DA:3675,0
DA:3676,0
DA:3679,0
DA:3695,0
DA:3696,0
DA:3700,0
DA:3715,0
DA:3716,0
DA:3719,0
DA:3733,0
DA:3734,0
DA:3738,0
DA:3761,0
DA:3771,0
DA:3792,0
DA:3805,0
DA:3806,0
DA:3808,0
DA:3826,0
DA:3827,0
DA:3830,0
DA:3841,0
DA:3843,0
DA:3844,0
DA:3857,0
DA:3858,0
DA:3861,0
DA:3876,0
DA:3878,0
DA:3883,0
DA:3897,0
DA:3899,0
DA:3904,0
DA:3921,0
DA:3923,0
DA:3928,0
DA:3943,0
DA:3944,0
DA:3948,0
DA:3964,0
DA:3965,0
DA:3968,0
DA:3982,0
DA:3983,0
DA:3986,0
DA:4002,0
DA:4003,0
DA:4006,0
DA:4017,0
DA:4018,0
DA:4021,0
DA:4034,0
DA:4035,0
DA:4038,0
DA:4052,0
DA:4053,0
DA:4056,0
DA:4068,0
DA:4069,0
DA:4071,0
DA:4085,0
DA:4086,0
DA:4088,0
DA:4099,0
DA:4100,0
DA:4102,0
DA:4113,0
DA:4114,0
DA:4117,0
DA:4128,0
DA:4129,0
DA:4131,0
DA:4142,0
DA:4143,0
DA:4145,0
DA:4160,0
DA:4161,0
DA:4164,0
DA:4177,0
DA:4178,0
DA:4181,0
DA:4192,0
DA:4193,0
DA:4196,0
DA:4207,0
DA:4208,0
DA:4210,0
DA:4222,0
DA:4223,0
DA:4225,0
DA:4235,0
DA:4236,0
DA:4238,0
DA:4249,0
DA:4250,0
DA:4252,0
DA:4262,0
DA:4263,0
DA:4265,0
DA:4276,0
DA:4277,0
DA:4279,0
DA:4291,0
DA:4292,0
DA:4295,0
DA:4307,0
DA:4308,0
DA:4312,0
DA:4326,1
DA:4327,1
DA:4330,1
DA:4341,0
DA:4342,0
DA:4345,0
DA:4358,0
DA:4359,0
DA:4362,0
DA:4378,0
DA:4380,0
DA:4385,0
DA:4398,0
DA:4399,0
DA:4402,0
DA:4413,0
DA:4414,0
DA:4417,0
DA:4434,0
DA:4436,0
DA:4441,0
DA:4453,0
DA:4454,0
DA:4457,0
DA:4469,0
DA:4470,0
DA:4473,0
DA:4483,0
DA:4484,0
DA:4486,0
DA:4499,0
DA:4500,0
DA:4503,0
DA:4517,0
DA:4518,0
DA:4522,0
DA:4535,0
DA:4536,0
DA:4540,0
DA:4556,0
DA:4558,0
DA:4563,0
DA:4579,0
DA:4580,0
DA:4583,0
DA:4596,0
DA:4597,0
DA:4600,0
DA:4616,0
DA:4617,0
DA:4620,0
DA:4636,0
DA:4638,0
DA:4643,0
DA:4656,0
DA:4657,0
DA:4660,0
DA:4677,0
DA:4679,0
DA:4684,0
DA:4702,0
DA:4704,0
DA:4709,0
DA:4725,0
DA:4727,0
DA:4732,0
DA:4745,0
DA:4746,0
DA:4749,0
DA:4762,0
DA:4763,0
DA:4766,0
DA:4780,0
DA:4781,0
DA:4784,0
DA:4803,0
DA:4804,0
DA:4809,0
DA:4826,0
DA:4828,0
DA:4833,0
DA:4853,0
DA:4855,0
DA:4860,0
DA:4877,0
DA:4878,0
DA:4882,0
DA:4896,0
DA:4897,0
DA:4900,0
DA:4912,0
DA:4913,0
DA:4916,0
DA:4930,0
DA:4932,0
DA:4937,0
DA:4949,0
DA:4950,0
DA:4952,0
DA:4965,0
DA:4966,0
DA:4970,0
DA:4983,0
DA:4985,0
DA:4990,0
DA:5003,0
DA:5005,0
DA:5007,0
DA:5023,0
DA:5025,0
DA:5030,0
DA:5043,0
DA:5044,0
DA:5047,0
DA:5061,0
DA:5062,0
DA:5066,0
DA:5082,0
DA:5083,0
DA:5086,0
DA:5098,0
DA:5099,0
DA:5102,0
DA:5117,0
DA:5118,0
DA:5122,0
DA:5136,0
DA:5137,0
DA:5140,0
DA:5155,0
DA:5156,0
DA:5159,0
DA:5174,0
DA:5176,0
DA:5181,0
DA:5193,1
DA:5194,1
DA:5197,1
DA:5208,0
DA:5209,0
DA:5212,0
DA:5224,0
DA:5225,0
DA:5228,0
DA:5242,0
DA:5243,0
DA:5247,0
DA:5261,0
DA:5263,0
DA:5268,0
DA:5280,0
DA:5281,0
DA:5284,0
DA:5296,0
DA:5297,0
DA:5300,0
DA:5313,0
DA:5314,0
DA:5317,0
DA:5330,0
DA:5331,0
DA:5333,0
DA:5348,0
DA:5349,0
DA:5352,0
DA:5364,0
DA:5365,0
DA:5368,0
DA:5385,0
DA:5386,0
DA:5389,0
DA:5402,0
DA:5403,0
DA:5406,0
DA:5418,0
DA:5419,0
DA:5421,0
DA:5434,0
DA:5435,0
DA:5438,0
DA:5456,0
DA:5458,0
DA:5469,0
DA:5485,0
DA:5487,0
DA:5492,0
DA:5511,0
DA:5513,0
DA:5532,0
DA:5548,0
DA:5550,0
DA:5555,0
DA:5568,0
DA:5569,0
DA:5573,0
DA:5589,0
DA:5590,0
DA:5593,0
DA:5614,0
DA:5616,0
DA:5631,0
DA:5649,0
DA:5651,0
DA:5656,0
DA:5677,0
DA:5678,0
DA:5682,0
DA:5694,0
DA:5695,0
DA:5697,0
DA:5712,0
DA:5713,0
DA:5715,0
DA:5728,0
DA:5729,0
DA:5732,0
DA:5747,0
DA:5748,0
DA:5750,0
DA:5764,0
DA:5765,0
DA:5768,0
DA:5779,0
DA:5780,0
DA:5783,0
DA:5799,0
DA:5801,0
DA:5814,0
DA:5826,0
DA:5827,0
DA:5829,0
DA:5844,0
DA:5845,0
DA:5847,0
DA:5861,0
DA:5862,0
DA:5866,0
DA:5884,0
DA:5885,0
DA:5889,0
DA:5900,0
DA:5901,0
DA:5904,0
DA:5919,0
DA:5920,0
DA:5925,0
DA:5938,0
DA:5939,0
DA:5943,0
DA:5958,0
DA:5959,0
DA:5962,0
DA:5974,0
DA:5975,0
DA:5977,0
DA:5992,0
DA:5993,0
DA:5996,0
DA:6012,0
DA:6014,0
DA:6023,0
DA:6037,0
DA:6038,0
DA:6041,0
DA:6055,0
DA:6056,0
DA:6060,0
DA:6072,0
DA:6073,0
DA:6076,0
DA:6093,0
DA:6095,0
DA:6100,0
DA:6115,0
DA:6117,0
DA:6122,0
DA:6137,0
DA:6138,0
DA:6141,0
DA:6153,0
DA:6154,0
DA:6157,0
DA:6166,0
DA:6167,0
DA:6169,0
DA:6185,0
DA:6186,0
DA:6189,0
DA:6206,0
DA:6207,0
DA:6210,0
DA:6227,0
DA:6228,0
DA:6233,0
DA:6245,0
DA:6246,0
DA:6249,0
DA:6266,0
DA:6267,0
DA:6272,0
DA:6287,0
DA:6289,0
DA:6294,0
DA:6309,0
DA:6310,0
DA:6313,0
DA:6324,0
DA:6325,0
DA:6328,0
DA:6341,0
DA:6342,0
DA:6345,0
DA:6359,0
DA:6361,0
DA:6366,0
DA:6380,0
DA:6382,0
DA:6386,0
DA:6398,0
DA:6399,0
DA:6402,0
DA:6416,0
DA:6417,0
DA:6420,0
DA:6433,0
DA:6434,0
DA:6438,0
DA:6458,0
DA:6460,0
DA:6465,0
DA:6481,0
DA:6482,0
DA:6485,0
DA:6500,0
DA:6501,0
DA:6504,0
DA:6516,0
DA:6517,0
DA:6519,0
DA:6530,0
DA:6531,0
DA:6533,0
DA:6545,0
DA:6546,0
DA:6549,0
DA:6561,0
DA:6562,0
DA:6565,0
DA:6578,0
DA:6579,0
DA:6582,0
DA:6591,0
DA:6593,0
DA:6594,0
DA:6608,0
DA:6610,0
DA:6615,0
DA:6626,0
DA:6627,0
DA:6629,0
DA:6643,0
DA:6644,0
DA:6646,0
DA:6658,0
DA:6659,0
DA:6662,0
DA:6677,0
DA:6679,0
DA:6684,0
DA:6700,0
DA:6702,0
DA:6707,0
DA:6728,0
DA:6730,0
DA:6749,0
DA:6765,0
DA:6767,0
DA:6772,0
DA:6790,0
DA:6792,0
DA:6797,0
DA:6816,0
DA:6818,0
DA:6828,0
DA:6845,0
DA:6847,0
DA:6857,0
DA:6875,0
DA:6877,0
DA:6894,0
DA:6913,0
DA:6915,0
DA:6920,0
DA:6938,0
DA:6939,0
DA:6943,0
DA:6959,0
DA:6960,0
DA:6963,0
DA:6976,0
DA:6977,0
DA:6980,0
DA:6994,0
DA:6996,0
DA:7001,0
DA:7012,0
DA:7014,0
DA:7016,0
DA:7028,0
DA:7029,0
DA:7033,0
DA:7045,0
DA:7046,0
DA:7049,0
DA:7060,0
DA:7061,0
DA:7064,0
DA:7075,0
DA:7076,0
DA:7079,0
DA:7092,0
DA:7094,0
DA:7100,0
DA:7115,0
DA:7116,0
DA:7118,0
DA:7132,0
DA:7133,0
DA:7136,0
DA:7150,0
DA:7151,0
DA:7154,0
DA:7166,0
DA:7168,0
DA:7170,0
DA:7184,0
DA:7185,0
DA:7188,0
DA:7202,0
DA:7203,0
DA:7206,0
DA:7218,0
DA:7220,0
DA:7221,0
DA:7234,0
DA:7235,0
DA:7237,0
DA:7249,0
DA:7250,0
DA:7253,0
DA:7264,0
DA:7265,0
DA:7267,0
LF:1135
LH:7
end_of_record
SF:C:\src\win32\lib\src\oleaut32.dart
DA:20,3
DA:33,1
DA:35,1
DA:39,1
DA:53,0
DA:55,0
DA:60,0
DA:71,1
DA:72,1
DA:75,1
DA:88,0
DA:89,0
DA:93,0
DA:106,0
DA:107,0
DA:111,0
DA:124,1
DA:125,1
DA:128,1
DA:141,0
DA:142,0
DA:146,0
DA:160,0
DA:162,0
DA:167,0
DA:180,0
DA:181,0
DA:184,0
DA:195,1
DA:196,1
DA:199,1
DA:210,1
DA:211,1
DA:214,1
DA:228,0
DA:230,0
DA:235,0
DA:246,0
DA:247,0
DA:250,0
DA:262,0
DA:263,0
DA:267,0
DA:278,1
DA:279,1
DA:282,1
DA:296,1
DA:298,1
DA:303,1
DA:315,1
DA:316,1
DA:320,1
LF:52
LH:25
end_of_record
SF:C:\src\win32\lib\src\powrprof.dart
DA:20,3
DA:34,1
DA:36,1
DA:49,1
LF:4
LH:4
end_of_record
SF:C:\src\win32\lib\src\rometadata.dart
DA:20,15
DA:32,5
DA:34,5
DA:39,5
LF:4
LH:4
end_of_record
SF:C:\src\win32\lib\src\shcore.dart
DA:20,0
DA:33,0
DA:35,0
DA:40,0
DA:52,0
DA:53,0
DA:57,0
DA:70,0
DA:71,0
DA:74,0
LF:10
LH:0
end_of_record
SF:C:\src\win32\lib\src\shell32.dart
DA:20,6
DA:31,0
DA:33,0
DA:38,0
DA:52,0
DA:54,0
DA:59,0
DA:73,0
DA:75,0
DA:80,0
DA:92,0
DA:93,0
DA:97,0
DA:111,0
DA:113,0
DA:118,0
DA:134,0
DA:136,0
DA:151,0
DA:163,0
DA:164,0
DA:167,0
DA:180,0
DA:181,0
DA:185,0
DA:197,0
DA:198,0
DA:201,0
DA:215,0
DA:220,0
DA:231,0
DA:244,0
DA:245,0
DA:249,0
DA:264,1
DA:266,1
DA:271,1
DA:286,2
DA:288,2
DA:293,2
DA:306,0
DA:308,0
DA:313,0
LF:43
LH:7
end_of_record
SF:C:\src\win32\lib\src\version.dart
DA:20,3
DA:33,0
DA:35,0
DA:40,0
DA:55,0
DA:57,0
DA:62,0
DA:77,1
DA:79,1
DA:84,1
DA:100,0
DA:102,0
DA:107,0
DA:128,0
DA:137,0
DA:156,0
DA:178,0
DA:187,0
DA:206,0
DA:225,0
DA:227,0
DA:235,0
LF:22
LH:4
end_of_record
SF:C:\src\win32\lib\src\winmm.dart
DA:20,0
DA:31,0
DA:32,0
DA:35,0
DA:48,0
DA:49,0
DA:53,0
DA:67,0
DA:68,0
DA:72,0
DA:87,0
DA:88,0
DA:93,0
DA:108,0
DA:110,0
DA:121,0
DA:136,0
DA:137,0
DA:140,0
DA:155,0
DA:156,0
DA:159,0
DA:170,0
DA:172,0
DA:174,0
DA:188,0
DA:189,0
DA:193,0
DA:207,0
DA:208,0
DA:212,0
DA:225,0
DA:226,0
DA:229,0
DA:239,0
DA:240,0
DA:242,0
DA:256,0
DA:257,0
DA:260,0
DA:275,0
DA:277,0
DA:282,0
DA:295,0
DA:296,0
DA:300,0
DA:311,0
DA:313,0
DA:315,0
DA:327,0
DA:329,0
DA:331,0
DA:343,0
DA:345,0
DA:347,0
DA:361,0
DA:362,0
DA:366,0
DA:382,0
DA:384,0
DA:389,0
DA:404,0
DA:405,0
DA:410,0
DA:421,0
DA:423,0
DA:425,0
DA:439,0
DA:440,0
DA:445,0
DA:459,0
DA:460,0
DA:464,0
DA:477,0
DA:478,0
DA:481,0
DA:491,0
DA:492,0
DA:494,0
DA:507,0
DA:508,0
DA:511,0
DA:525,0
DA:526,0
DA:529,0
DA:545,0
DA:546,0
DA:549,0
DA:564,0
DA:566,0
DA:571,0
DA:585,0
DA:586,0
DA:590,0
DA:602,0
DA:604,0
DA:606,0
DA:618,0
DA:619,0
DA:622,0
DA:635,0
DA:636,0
DA:639,0
DA:653,0
DA:654,0
DA:658,0
DA:671,0
DA:672,0
DA:676,0
DA:688,0
DA:690,0
DA:692,0
DA:706,0
DA:707,0
DA:712,0
DA:726,0
DA:727,0
DA:731,0
DA:744,0
DA:745,0
DA:748,0
DA:758,0
DA:759,0
DA:761,0
DA:774,0
DA:775,0
DA:778,0
DA:791,0
DA:792,0
DA:795,0
DA:809,0
DA:810,0
DA:814,0
DA:827,0
DA:828,0
DA:831,0
DA:846,0
DA:847,0
DA:850,0
DA:867,0
DA:869,0
DA:884,0
DA:897,0
DA:899,0
DA:901,0
DA:915,0
DA:916,0
DA:920,0
DA:934,0
DA:936,0
DA:938,0
DA:950,0
DA:952,0
DA:954,0
DA:967,0
DA:968,0
DA:971,0
DA:984,0
DA:985,0
DA:988,0
DA:1001,0
DA:1002,0
DA:1005,0
DA:1021,0
DA:1022,0
DA:1026,0
DA:1040,0
DA:1041,0
DA:1044,0
LF:169
LH:0
end_of_record
